{"meta": {"format": 3, "version": "7.11.3", "timestamp": "2025-11-22T23:11:31.542822", "branch_coverage": true, "show_contexts": false}, "files": {"backend/api/__init__.py": {"executed_lines": [], "summary": {"covered_lines": 0, "num_statements": 0, "percent_covered": 100.0, "percent_covered_display": "100", "missing_lines": 0, "excluded_lines": 0, "num_branches": 0, "num_partial_branches": 0, "covered_branches": 0, "missing_branches": 0}, "missing_lines": [], "excluded_lines": [], "executed_branches": [], "missing_branches": [], "functions": {"": {"executed_lines": [], "summary": {"covered_lines": 0, "num_statements": 0, "percent_covered": 100.0, "percent_covered_display": "100", "missing_lines": 0, "excluded_lines": 0, "num_branches": 0, "num_partial_branches": 0, "covered_branches": 0, "missing_branches": 0}, "missing_lines": [], "excluded_lines": [], "executed_branches": [], "missing_branches": []}}, "classes": {"": {"executed_lines": [], "summary": {"covered_lines": 0, "num_statements": 0, "percent_covered": 100.0, "percent_covered_display": "100", "missing_lines": 0, "excluded_lines": 0, "num_branches": 0, "num_partial_branches": 0, "covered_branches": 0, "missing_branches": 0}, "missing_lines": [], "excluded_lines": [], "executed_branches": [], "missing_branches": []}}}, "backend/api/views.py": {"executed_lines": [1, 4, 5, 6, 7, 8, 11, 12, 23], "summary": {"covered_lines": 7, "num_statements": 22, "percent_covered": 26.923076923076923, "percent_covered_display": "27", "missing_lines": 15, "excluded_lines": 0, "num_branches": 4, "num_partial_branches": 0, "covered_branches": 0, "missing_branches": 4}, "missing_lines": [27, 28, 29, 30, 33, 38, 39, 40, 43, 48, 53, 54, 73, 79, 88], "excluded_lines": [], "executed_branches": [], "missing_branches": [[38, 39], [38, 43], [39, 38], [39, 40]], "functions": {"DashboardStatsView.get": {"executed_lines": [], "summary": {"covered_lines": 0, "num_statements": 15, "percent_covered": 0.0, "percent_covered_display": "0", "missing_lines": 15, "excluded_lines": 0, "num_branches": 4, "num_partial_branches": 0, "covered_branches": 0, "missing_branches": 4}, "missing_lines": [27, 28, 29, 30, 33, 38, 39, 40, 43, 48, 53, 54, 73, 79, 88], "excluded_lines": [], "executed_branches": [], "missing_branches": [[38, 39], [38, 43], [39, 38], [39, 40]]}, "": {"executed_lines": [1, 4, 5, 6, 7, 8, 11, 12, 23], "summary": {"covered_lines": 7, "num_statements": 7, "percent_covered": 100.0, "percent_covered_display": "100", "missing_lines": 0, "excluded_lines": 0, "num_branches": 0, "num_partial_branches": 0, "covered_branches": 0, "missing_branches": 0}, "missing_lines": [], "excluded_lines": [], "executed_branches": [], "missing_branches": []}}, "classes": {"DashboardStatsView": {"executed_lines": [], "summary": {"covered_lines": 0, "num_statements": 15, "percent_covered": 0.0, "percent_covered_display": "0", "missing_lines": 15, "excluded_lines": 0, "num_branches": 4, "num_partial_branches": 0, "covered_branches": 0, "missing_branches": 4}, "missing_lines": [27, 28, 29, 30, 33, 38, 39, 40, 43, 48, 53, 54, 73, 79, 88], "excluded_lines": [], "executed_branches": [], "missing_branches": [[38, 39], [38, 43], [39, 38], [39, 40]]}, "": {"executed_lines": [1, 4, 5, 6, 7, 8, 11, 12, 23], "summary": {"covered_lines": 7, "num_statements": 7, "percent_covered": 100.0, "percent_covered_display": "100", "missing_lines": 0, "excluded_lines": 0, "num_branches": 0, "num_partial_branches": 0, "covered_branches": 0, "missing_branches": 0}, "missing_lines": [], "excluded_lines": [], "executed_branches": [], "missing_branches": []}}}, "backend/apps/__init__.py": {"executed_lines": [], "summary": {"covered_lines": 0, "num_statements": 0, "percent_covered": 100.0, "percent_covered_display": "100", "missing_lines": 0, "excluded_lines": 0, "num_branches": 0, "num_partial_branches": 0, "covered_branches": 0, "missing_branches": 0}, "missing_lines": [], "excluded_lines": [], "executed_branches": [], "missing_branches": [], "functions": {"": {"executed_lines": [], "summary": {"covered_lines": 0, "num_statements": 0, "percent_covered": 100.0, "percent_covered_display": "100", "missing_lines": 0, "excluded_lines": 0, "num_branches": 0, "num_partial_branches": 0, "covered_branches": 0, "missing_branches": 0}, "missing_lines": [], "excluded_lines": [], "executed_branches": [], "missing_branches": []}}, "classes": {"": {"executed_lines": [], "summary": {"covered_lines": 0, "num_statements": 0, "percent_covered": 100.0, "percent_covered_display": "100", "missing_lines": 0, "excluded_lines": 0, "num_branches": 0, "num_partial_branches": 0, "covered_branches": 0, "missing_branches": 0}, "missing_lines": [], "excluded_lines": [], "executed_branches": [], "missing_branches": []}}}, "backend/apps/authentication/__init__.py": {"executed_lines": [1], "summary": {"covered_lines": 1, "num_statements": 1, "percent_covered": 100.0, "percent_covered_display": "100", "missing_lines": 0, "excluded_lines": 0, "num_branches": 0, "num_partial_branches": 0, "covered_branches": 0, "missing_branches": 0}, "missing_lines": [], "excluded_lines": [], "executed_branches": [], "missing_branches": [], "functions": {"": {"executed_lines": [1], "summary": {"covered_lines": 1, "num_statements": 1, "percent_covered": 100.0, "percent_covered_display": "100", "missing_lines": 0, "excluded_lines": 0, "num_branches": 0, "num_partial_branches": 0, "covered_branches": 0, "missing_branches": 0}, "missing_lines": [], "excluded_lines": [], "executed_branches": [], "missing_branches": []}}, "classes": {"": {"executed_lines": [1], "summary": {"covered_lines": 1, "num_statements": 1, "percent_covered": 100.0, "percent_covered_display": "100", "missing_lines": 0, "excluded_lines": 0, "num_branches": 0, "num_partial_branches": 0, "covered_branches": 0, "missing_branches": 0}, "missing_lines": [], "excluded_lines": [], "executed_branches": [], "missing_branches": []}}}, "backend/apps/authentication/apps.py": {"executed_lines": [1, 4, 5, 6, 7], "summary": {"covered_lines": 5, "num_statements": 5, "percent_covered": 100.0, "percent_covered_display": "100", "missing_lines": 0, "excluded_lines": 0, "num_branches": 0, "num_partial_branches": 0, "covered_branches": 0, "missing_branches": 0}, "missing_lines": [], "excluded_lines": [], "executed_branches": [], "missing_branches": [], "functions": {"": {"executed_lines": [1, 4, 5, 6, 7], "summary": {"covered_lines": 5, "num_statements": 5, "percent_covered": 100.0, "percent_covered_display": "100", "missing_lines": 0, "excluded_lines": 0, "num_branches": 0, "num_partial_branches": 0, "covered_branches": 0, "missing_branches": 0}, "missing_lines": [], "excluded_lines": [], "executed_branches": [], "missing_branches": []}}, "classes": {"AuthenticationConfig": {"executed_lines": [], "summary": {"covered_lines": 0, "num_statements": 0, "percent_covered": 100.0, "percent_covered_display": "100", "missing_lines": 0, "excluded_lines": 0, "num_branches": 0, "num_partial_branches": 0, "covered_branches": 0, "missing_branches": 0}, "missing_lines": [], "excluded_lines": [], "executed_branches": [], "missing_branches": []}, "": {"executed_lines": [1, 4, 5, 6, 7], "summary": {"covered_lines": 5, "num_statements": 5, "percent_covered": 100.0, "percent_covered_display": "100", "missing_lines": 0, "excluded_lines": 0, "num_branches": 0, "num_partial_branches": 0, "covered_branches": 0, "missing_branches": 0}, "missing_lines": [], "excluded_lines": [], "executed_branches": [], "missing_branches": []}}}, "backend/apps/authentication/authentication.py": {"executed_lines": [], "summary": {"covered_lines": 0, "num_statements": 18, "percent_covered": 0.0, "percent_covered_display": "0", "missing_lines": 18, "excluded_lines": 0, "num_branches": 2, "num_partial_branches": 0, "covered_branches": 0, "missing_branches": 2}, "missing_lines": [4, 5, 6, 7, 9, 12, 17, 19, 20, 22, 23, 25, 26, 29, 30, 32, 33, 34], "excluded_lines": [], "executed_branches": [], "missing_branches": [[22, 23], [22, 25]], "functions": {"APIKeyAuthentication.authenticate": {"executed_lines": [], "summary": {"covered_lines": 0, "num_statements": 10, "percent_covered": 0.0, "percent_covered_display": "0", "missing_lines": 10, "excluded_lines": 0, "num_branches": 2, "num_partial_branches": 0, "covered_branches": 0, "missing_branches": 2}, "missing_lines": [20, 22, 23, 25, 26, 29, 30, 32, 33, 34], "excluded_lines": [], "executed_branches": [], "missing_branches": [[22, 23], [22, 25]]}, "": {"executed_lines": [], "summary": {"covered_lines": 0, "num_statements": 8, "percent_covered": 0.0, "percent_covered_display": "0", "missing_lines": 8, "excluded_lines": 0, "num_branches": 0, "num_partial_branches": 0, "covered_branches": 0, "missing_branches": 0}, "missing_lines": [4, 5, 6, 7, 9, 12, 17, 19], "excluded_lines": [], "executed_branches": [], "missing_branches": []}}, "classes": {"APIKeyAuthentication": {"executed_lines": [], "summary": {"covered_lines": 0, "num_statements": 10, "percent_covered": 0.0, "percent_covered_display": "0", "missing_lines": 10, "excluded_lines": 0, "num_branches": 2, "num_partial_branches": 0, "covered_branches": 0, "missing_branches": 2}, "missing_lines": [20, 22, 23, 25, 26, 29, 30, 32, 33, 34], "excluded_lines": [], "executed_branches": [], "missing_branches": [[22, 23], [22, 25]]}, "": {"executed_lines": [], "summary": {"covered_lines": 0, "num_statements": 8, "percent_covered": 0.0, "percent_covered_display": "0", "missing_lines": 8, "excluded_lines": 0, "num_branches": 0, "num_partial_branches": 0, "covered_branches": 0, "missing_branches": 0}, "missing_lines": [4, 5, 6, 7, 9, 12, 17, 19], "excluded_lines": [], "executed_branches": [], "missing_branches": []}}}, "backend/apps/authentication/pipeline.py": {"executed_lines": [], "summary": {"covered_lines": 0, "num_statements": 14, "percent_covered": 0.0, "percent_covered_display": "0", "missing_lines": 14, "excluded_lines": 0, "num_branches": 8, "num_partial_branches": 0, "covered_branches": 0, "missing_branches": 8}, "missing_lines": [5, 8, 13, 15, 16, 19, 20, 21, 22, 25, 26, 27, 29, 34], "excluded_lines": [], "executed_branches": [], "missing_branches": [[13, 15], [13, 34], [19, 20], [19, 21], [21, 22], [21, 25], [26, 27], [26, 29]], "functions": {"create_organization_membership": {"executed_lines": [], "summary": {"covered_lines": 0, "num_statements": 12, "percent_covered": 0.0, "percent_covered_display": "0", "missing_lines": 12, "excluded_lines": 0, "num_branches": 8, "num_partial_branches": 0, "covered_branches": 0, "missing_branches": 8}, "missing_lines": [13, 15, 16, 19, 20, 21, 22, 25, 26, 27, 29, 34], "excluded_lines": [], "executed_branches": [], "missing_branches": [[13, 15], [13, 34], [19, 20], [19, 21], [21, 22], [21, 25], [26, 27], [26, 29]]}, "": {"executed_lines": [], "summary": {"covered_lines": 0, "num_statements": 2, "percent_covered": 0.0, "percent_covered_display": "0", "missing_lines": 2, "excluded_lines": 0, "num_branches": 0, "num_partial_branches": 0, "covered_branches": 0, "missing_branches": 0}, "missing_lines": [5, 8], "excluded_lines": [], "executed_branches": [], "missing_branches": []}}, "classes": {"": {"executed_lines": [], "summary": {"covered_lines": 0, "num_statements": 14, "percent_covered": 0.0, "percent_covered_display": "0", "missing_lines": 14, "excluded_lines": 0, "num_branches": 8, "num_partial_branches": 0, "covered_branches": 0, "missing_branches": 8}, "missing_lines": [5, 8, 13, 15, 16, 19, 20, 21, 22, 25, 26, 27, 29, 34], "excluded_lines": [], "executed_branches": [], "missing_branches": [[13, 15], [13, 34], [19, 20], [19, 21], [21, 22], [21, 25], [26, 27], [26, 29]]}}}, "backend/apps/authentication/urls.py": {"executed_lines": [1, 4, 5, 10], "summary": {"covered_lines": 3, "num_statements": 3, "percent_covered": 100.0, "percent_covered_display": "100", "missing_lines": 0, "excluded_lines": 0, "num_branches": 0, "num_partial_branches": 0, "covered_branches": 0, "missing_branches": 0}, "missing_lines": [], "excluded_lines": [], "executed_branches": [], "missing_branches": [], "functions": {"": {"executed_lines": [1, 4, 5, 10], "summary": {"covered_lines": 3, "num_statements": 3, "percent_covered": 100.0, "percent_covered_display": "100", "missing_lines": 0, "excluded_lines": 0, "num_branches": 0, "num_partial_branches": 0, "covered_branches": 0, "missing_branches": 0}, "missing_lines": [], "excluded_lines": [], "executed_branches": [], "missing_branches": []}}, "classes": {"": {"executed_lines": [1, 4, 5, 10], "summary": {"covered_lines": 3, "num_statements": 3, "percent_covered": 100.0, "percent_covered_display": "100", "missing_lines": 0, "excluded_lines": 0, "num_branches": 0, "num_partial_branches": 0, "covered_branches": 0, "missing_branches": 0}, "missing_lines": [], "excluded_lines": [], "executed_branches": [], "missing_branches": []}}}, "backend/apps/authentication/views.py": {"executed_lines": [1, 4, 5, 6, 7, 8, 9, 10, 12, 15, 16, 20, 23, 24, 27, 30, 31, 34, 36, 47, 48, 52, 54, 80, 81, 84, 86], "summary": {"covered_lines": 21, "num_statements": 35, "percent_covered": 53.84615384615385, "percent_covered_display": "54", "missing_lines": 14, "excluded_lines": 0, "num_branches": 4, "num_partial_branches": 0, "covered_branches": 0, "missing_branches": 4}, "missing_lines": [37, 38, 39, 40, 41, 42, 43, 44, 60, 61, 67, 69, 87, 88], "excluded_lines": [], "executed_branches": [], "missing_branches": [[39, 40], [39, 42], [60, 61], [60, 67]], "functions": {"LogoutView.post": {"executed_lines": [], "summary": {"covered_lines": 0, "num_statements": 8, "percent_covered": 0.0, "percent_covered_display": "0", "missing_lines": 8, "excluded_lines": 0, "num_branches": 2, "num_partial_branches": 0, "covered_branches": 0, "missing_branches": 2}, "missing_lines": [37, 38, 39, 40, 41, 42, 43, 44], "excluded_lines": [], "executed_branches": [], "missing_branches": [[39, 40], [39, 42]]}, "GitHubCallbackView.get": {"executed_lines": [], "summary": {"covered_lines": 0, "num_statements": 4, "percent_covered": 0.0, "percent_covered_display": "0", "missing_lines": 4, "excluded_lines": 0, "num_branches": 2, "num_partial_branches": 0, "covered_branches": 0, "missing_branches": 2}, "missing_lines": [60, 61, 67, 69], "excluded_lines": [], "executed_branches": [], "missing_branches": [[60, 61], [60, 67]]}, "UserInfoView.get": {"executed_lines": [], "summary": {"covered_lines": 0, "num_statements": 2, "percent_covered": 0.0, "percent_covered_display": "0", "missing_lines": 2, "excluded_lines": 0, "num_branches": 0, "num_partial_branches": 0, "covered_branches": 0, "missing_branches": 0}, "missing_lines": [87, 88], "excluded_lines": [], "executed_branches": [], "missing_branches": []}, "": {"executed_lines": [1, 4, 5, 6, 7, 8, 9, 10, 12, 15, 16, 20, 23, 24, 27, 30, 31, 34, 36, 47, 48, 52, 54, 80, 81, 84, 86], "summary": {"covered_lines": 21, "num_statements": 21, "percent_covered": 100.0, "percent_covered_display": "100", "missing_lines": 0, "excluded_lines": 0, "num_branches": 0, "num_partial_branches": 0, "covered_branches": 0, "missing_branches": 0}, "missing_lines": [], "excluded_lines": [], "executed_branches": [], "missing_branches": []}}, "classes": {"LoginView": {"executed_lines": [], "summary": {"covered_lines": 0, "num_statements": 0, "percent_covered": 100.0, "percent_covered_display": "100", "missing_lines": 0, "excluded_lines": 0, "num_branches": 0, "num_partial_branches": 0, "covered_branches": 0, "missing_branches": 0}, "missing_lines": [], "excluded_lines": [], "executed_branches": [], "missing_branches": []}, "RefreshTokenView": {"executed_lines": [], "summary": {"covered_lines": 0, "num_statements": 0, "percent_covered": 100.0, "percent_covered_display": "100", "missing_lines": 0, "excluded_lines": 0, "num_branches": 0, "num_partial_branches": 0, "covered_branches": 0, "missing_branches": 0}, "missing_lines": [], "excluded_lines": [], "executed_branches": [], "missing_branches": []}, "LogoutView": {"executed_lines": [], "summary": {"covered_lines": 0, "num_statements": 8, "percent_covered": 0.0, "percent_covered_display": "0", "missing_lines": 8, "excluded_lines": 0, "num_branches": 2, "num_partial_branches": 0, "covered_branches": 0, "missing_branches": 2}, "missing_lines": [37, 38, 39, 40, 41, 42, 43, 44], "excluded_lines": [], "executed_branches": [], "missing_branches": [[39, 40], [39, 42]]}, "GitHubCallbackView": {"executed_lines": [], "summary": {"covered_lines": 0, "num_statements": 4, "percent_covered": 0.0, "percent_covered_display": "0", "missing_lines": 4, "excluded_lines": 0, "num_branches": 2, "num_partial_branches": 0, "covered_branches": 0, "missing_branches": 2}, "missing_lines": [60, 61, 67, 69], "excluded_lines": [], "executed_branches": [], "missing_branches": [[60, 61], [60, 67]]}, "UserInfoView": {"executed_lines": [], "summary": {"covered_lines": 0, "num_statements": 2, "percent_covered": 0.0, "percent_covered_display": "0", "missing_lines": 2, "excluded_lines": 0, "num_branches": 0, "num_partial_branches": 0, "covered_branches": 0, "missing_branches": 0}, "missing_lines": [87, 88], "excluded_lines": [], "executed_branches": [], "missing_branches": []}, "": {"executed_lines": [1, 4, 5, 6, 7, 8, 9, 10, 12, 15, 16, 20, 23, 24, 27, 30, 31, 34, 36, 47, 48, 52, 54, 80, 81, 84, 86], "summary": {"covered_lines": 21, "num_statements": 21, "percent_covered": 100.0, "percent_covered_display": "100", "missing_lines": 0, "excluded_lines": 0, "num_branches": 0, "num_partial_branches": 0, "covered_branches": 0, "missing_branches": 0}, "missing_lines": [], "excluded_lines": [], "executed_branches": [], "missing_branches": []}}}, "backend/apps/findings/__init__.py": {"executed_lines": [1], "summary": {"covered_lines": 1, "num_statements": 1, "percent_covered": 100.0, "percent_covered_display": "100", "missing_lines": 0, "excluded_lines": 0, "num_branches": 0, "num_partial_branches": 0, "covered_branches": 0, "missing_branches": 0}, "missing_lines": [], "excluded_lines": [], "executed_branches": [], "missing_branches": [], "functions": {"": {"executed_lines": [1], "summary": {"covered_lines": 1, "num_statements": 1, "percent_covered": 100.0, "percent_covered_display": "100", "missing_lines": 0, "excluded_lines": 0, "num_branches": 0, "num_partial_branches": 0, "covered_branches": 0, "missing_branches": 0}, "missing_lines": [], "excluded_lines": [], "executed_branches": [], "missing_branches": []}}, "classes": {"": {"executed_lines": [1], "summary": {"covered_lines": 1, "num_statements": 1, "percent_covered": 100.0, "percent_covered_display": "100", "missing_lines": 0, "excluded_lines": 0, "num_branches": 0, "num_partial_branches": 0, "covered_branches": 0, "missing_branches": 0}, "missing_lines": [], "excluded_lines": [], "executed_branches": [], "missing_branches": []}}}, "backend/apps/findings/admin.py": {"executed_lines": [1, 4, 5, 8, 9, 10, 11, 12, 15, 16, 17, 18, 19, 22, 23, 24, 28, 29, 33, 34, 35, 36, 41, 76, 77, 78, 79, 80, 81, 82, 83, 85, 87, 90, 91, 92, 93, 94, 95, 96, 97], "summary": {"covered_lines": 40, "num_statements": 41, "percent_covered": 97.5609756097561, "percent_covered_display": "98", "missing_lines": 1, "excluded_lines": 0, "num_branches": 0, "num_partial_branches": 0, "covered_branches": 0, "missing_branches": 0}, "missing_lines": [86], "excluded_lines": [], "executed_branches": [], "missing_branches": [], "functions": {"FindingCommentAdmin.content_preview": {"executed_lines": [], "summary": {"covered_lines": 0, "num_statements": 1, "percent_covered": 0.0, "percent_covered_display": "0", "missing_lines": 1, "excluded_lines": 0, "num_branches": 0, "num_partial_branches": 0, "covered_branches": 0, "missing_branches": 0}, "missing_lines": [86], "excluded_lines": [], "executed_branches": [], "missing_branches": []}, "": {"executed_lines": [1, 4, 5, 8, 9, 10, 11, 12, 15, 16, 17, 18, 19, 22, 23, 24, 28, 29, 33, 34, 35, 36, 41, 76, 77, 78, 79, 80, 81, 82, 83, 85, 87, 90, 91, 92, 93, 94, 95, 96, 97], "summary": {"covered_lines": 40, "num_statements": 40, "percent_covered": 100.0, "percent_covered_display": "100", "missing_lines": 0, "excluded_lines": 0, "num_branches": 0, "num_partial_branches": 0, "covered_branches": 0, "missing_branches": 0}, "missing_lines": [], "excluded_lines": [], "executed_branches": [], "missing_branches": []}}, "classes": {"FindingCommentInline": {"executed_lines": [], "summary": {"covered_lines": 0, "num_statements": 0, "percent_covered": 100.0, "percent_covered_display": "100", "missing_lines": 0, "excluded_lines": 0, "num_branches": 0, "num_partial_branches": 0, "covered_branches": 0, "missing_branches": 0}, "missing_lines": [], "excluded_lines": [], "executed_branches": [], "missing_branches": []}, "FindingStatusHistoryInline": {"executed_lines": [], "summary": {"covered_lines": 0, "num_statements": 0, "percent_covered": 100.0, "percent_covered_display": "100", "missing_lines": 0, "excluded_lines": 0, "num_branches": 0, "num_partial_branches": 0, "covered_branches": 0, "missing_branches": 0}, "missing_lines": [], "excluded_lines": [], "executed_branches": [], "missing_branches": []}, "FindingAdmin": {"executed_lines": [], "summary": {"covered_lines": 0, "num_statements": 0, "percent_covered": 100.0, "percent_covered_display": "100", "missing_lines": 0, "excluded_lines": 0, "num_branches": 0, "num_partial_branches": 0, "covered_branches": 0, "missing_branches": 0}, "missing_lines": [], "excluded_lines": [], "executed_branches": [], "missing_branches": []}, "FindingCommentAdmin": {"executed_lines": [], "summary": {"covered_lines": 0, "num_statements": 1, "percent_covered": 0.0, "percent_covered_display": "0", "missing_lines": 1, "excluded_lines": 0, "num_branches": 0, "num_partial_branches": 0, "covered_branches": 0, "missing_branches": 0}, "missing_lines": [86], "excluded_lines": [], "executed_branches": [], "missing_branches": []}, "FindingStatusHistoryAdmin": {"executed_lines": [], "summary": {"covered_lines": 0, "num_statements": 0, "percent_covered": 100.0, "percent_covered_display": "100", "missing_lines": 0, "excluded_lines": 0, "num_branches": 0, "num_partial_branches": 0, "covered_branches": 0, "missing_branches": 0}, "missing_lines": [], "excluded_lines": [], "executed_branches": [], "missing_branches": []}, "": {"executed_lines": [1, 4, 5, 8, 9, 10, 11, 12, 15, 16, 17, 18, 19, 22, 23, 24, 28, 29, 33, 34, 35, 36, 41, 76, 77, 78, 79, 80, 81, 82, 83, 85, 87, 90, 91, 92, 93, 94, 95, 96, 97], "summary": {"covered_lines": 40, "num_statements": 40, "percent_covered": 100.0, "percent_covered_display": "100", "missing_lines": 0, "excluded_lines": 0, "num_branches": 0, "num_partial_branches": 0, "covered_branches": 0, "missing_branches": 0}, "missing_lines": [], "excluded_lines": [], "executed_branches": [], "missing_branches": []}}}, "backend/apps/findings/api/__init__.py": {"executed_lines": [], "summary": {"covered_lines": 0, "num_statements": 0, "percent_covered": 100.0, "percent_covered_display": "100", "missing_lines": 0, "excluded_lines": 0, "num_branches": 0, "num_partial_branches": 0, "covered_branches": 0, "missing_branches": 0}, "missing_lines": [], "excluded_lines": [], "executed_branches": [], "missing_branches": [], "functions": {"": {"executed_lines": [], "summary": {"covered_lines": 0, "num_statements": 0, "percent_covered": 100.0, "percent_covered_display": "100", "missing_lines": 0, "excluded_lines": 0, "num_branches": 0, "num_partial_branches": 0, "covered_branches": 0, "missing_branches": 0}, "missing_lines": [], "excluded_lines": [], "executed_branches": [], "missing_branches": []}}, "classes": {"": {"executed_lines": [], "summary": {"covered_lines": 0, "num_statements": 0, "percent_covered": 100.0, "percent_covered_display": "100", "missing_lines": 0, "excluded_lines": 0, "num_branches": 0, "num_partial_branches": 0, "covered_branches": 0, "missing_branches": 0}, "missing_lines": [], "excluded_lines": [], "executed_branches": [], "missing_branches": []}}}, "backend/apps/findings/api/serializers.py": {"executed_lines": [1, 4, 5, 11, 12, 14, 15, 16, 23, 26, 27, 29, 30, 31, 34, 35, 37, 39, 40, 41, 44, 45, 47, 48, 49, 56, 57, 59, 60, 62, 63, 64, 74, 75, 77, 84, 85, 87, 88, 89, 95, 96, 98, 100, 101, 102, 110, 111, 113, 115, 116, 117, 118, 121, 122, 124, 126, 127, 128, 132], "summary": {"covered_lines": 49, "num_statements": 49, "percent_covered": 100.0, "percent_covered_display": "100", "missing_lines": 0, "excluded_lines": 0, "num_branches": 0, "num_partial_branches": 0, "covered_branches": 0, "missing_branches": 0}, "missing_lines": [], "excluded_lines": [], "executed_branches": [], "missing_branches": [], "functions": {"": {"executed_lines": [1, 4, 5, 11, 12, 14, 15, 16, 23, 26, 27, 29, 30, 31, 34, 35, 37, 39, 40, 41, 44, 45, 47, 48, 49, 56, 57, 59, 60, 62, 63, 64, 74, 75, 77, 84, 85, 87, 88, 89, 95, 96, 98, 100, 101, 102, 110, 111, 113, 115, 116, 117, 118, 121, 122, 124, 126, 127, 128, 132], "summary": {"covered_lines": 49, "num_statements": 49, "percent_covered": 100.0, "percent_covered_display": "100", "missing_lines": 0, "excluded_lines": 0, "num_branches": 0, "num_partial_branches": 0, "covered_branches": 0, "missing_branches": 0}, "missing_lines": [], "excluded_lines": [], "executed_branches": [], "missing_branches": []}}, "classes": {"LLMVerdictSerializer": {"executed_lines": [], "summary": {"covered_lines": 0, "num_statements": 0, "percent_covered": 100.0, "percent_covered_display": "100", "missing_lines": 0, "excluded_lines": 0, "num_branches": 0, "num_partial_branches": 0, "covered_branches": 0, "missing_branches": 0}, "missing_lines": [], "excluded_lines": [], "executed_branches": [], "missing_branches": []}, "LLMVerdictSerializer.Meta": {"executed_lines": [], "summary": {"covered_lines": 0, "num_statements": 0, "percent_covered": 100.0, "percent_covered_display": "100", "missing_lines": 0, "excluded_lines": 0, "num_branches": 0, "num_partial_branches": 0, "covered_branches": 0, "missing_branches": 0}, "missing_lines": [], "excluded_lines": [], "executed_branches": [], "missing_branches": []}, "FindingClusterMinimalSerializer": {"executed_lines": [], "summary": {"covered_lines": 0, "num_statements": 0, "percent_covered": 100.0, "percent_covered_display": "100", "missing_lines": 0, "excluded_lines": 0, "num_branches": 0, "num_partial_branches": 0, "covered_branches": 0, "missing_branches": 0}, "missing_lines": [], "excluded_lines": [], "executed_branches": [], "missing_branches": []}, "FindingClusterMinimalSerializer.Meta": {"executed_lines": [], "summary": {"covered_lines": 0, "num_statements": 0, "percent_covered": 100.0, "percent_covered_display": "100", "missing_lines": 0, "excluded_lines": 0, "num_branches": 0, "num_partial_branches": 0, "covered_branches": 0, "missing_branches": 0}, "missing_lines": [], "excluded_lines": [], "executed_branches": [], "missing_branches": []}, "FindingClusterMembershipSerializer": {"executed_lines": [], "summary": {"covered_lines": 0, "num_statements": 0, "percent_covered": 100.0, "percent_covered_display": "100", "missing_lines": 0, "excluded_lines": 0, "num_branches": 0, "num_partial_branches": 0, "covered_branches": 0, "missing_branches": 0}, "missing_lines": [], "excluded_lines": [], "executed_branches": [], "missing_branches": []}, "FindingClusterMembershipSerializer.Meta": {"executed_lines": [], "summary": {"covered_lines": 0, "num_statements": 0, "percent_covered": 100.0, "percent_covered_display": "100", "missing_lines": 0, "excluded_lines": 0, "num_branches": 0, "num_partial_branches": 0, "covered_branches": 0, "missing_branches": 0}, "missing_lines": [], "excluded_lines": [], "executed_branches": [], "missing_branches": []}, "FindingListSerializer": {"executed_lines": [], "summary": {"covered_lines": 0, "num_statements": 0, "percent_covered": 100.0, "percent_covered_display": "100", "missing_lines": 0, "excluded_lines": 0, "num_branches": 0, "num_partial_branches": 0, "covered_branches": 0, "missing_branches": 0}, "missing_lines": [], "excluded_lines": [], "executed_branches": [], "missing_branches": []}, "FindingListSerializer.Meta": {"executed_lines": [], "summary": {"covered_lines": 0, "num_statements": 0, "percent_covered": 100.0, "percent_covered_display": "100", "missing_lines": 0, "excluded_lines": 0, "num_branches": 0, "num_partial_branches": 0, "covered_branches": 0, "missing_branches": 0}, "missing_lines": [], "excluded_lines": [], "executed_branches": [], "missing_branches": []}, "FindingDetailSerializer": {"executed_lines": [], "summary": {"covered_lines": 0, "num_statements": 0, "percent_covered": 100.0, "percent_covered_display": "100", "missing_lines": 0, "excluded_lines": 0, "num_branches": 0, "num_partial_branches": 0, "covered_branches": 0, "missing_branches": 0}, "missing_lines": [], "excluded_lines": [], "executed_branches": [], "missing_branches": []}, "FindingDetailSerializer.Meta": {"executed_lines": [], "summary": {"covered_lines": 0, "num_statements": 0, "percent_covered": 100.0, "percent_covered_display": "100", "missing_lines": 0, "excluded_lines": 0, "num_branches": 0, "num_partial_branches": 0, "covered_branches": 0, "missing_branches": 0}, "missing_lines": [], "excluded_lines": [], "executed_branches": [], "missing_branches": []}, "FindingUpdateSerializer": {"executed_lines": [], "summary": {"covered_lines": 0, "num_statements": 0, "percent_covered": 100.0, "percent_covered_display": "100", "missing_lines": 0, "excluded_lines": 0, "num_branches": 0, "num_partial_branches": 0, "covered_branches": 0, "missing_branches": 0}, "missing_lines": [], "excluded_lines": [], "executed_branches": [], "missing_branches": []}, "FindingMinimalSerializer": {"executed_lines": [], "summary": {"covered_lines": 0, "num_statements": 0, "percent_covered": 100.0, "percent_covered_display": "100", "missing_lines": 0, "excluded_lines": 0, "num_branches": 0, "num_partial_branches": 0, "covered_branches": 0, "missing_branches": 0}, "missing_lines": [], "excluded_lines": [], "executed_branches": [], "missing_branches": []}, "FindingMinimalSerializer.Meta": {"executed_lines": [], "summary": {"covered_lines": 0, "num_statements": 0, "percent_covered": 100.0, "percent_covered_display": "100", "missing_lines": 0, "excluded_lines": 0, "num_branches": 0, "num_partial_branches": 0, "covered_branches": 0, "missing_branches": 0}, "missing_lines": [], "excluded_lines": [], "executed_branches": [], "missing_branches": []}, "FindingClusterSerializer": {"executed_lines": [], "summary": {"covered_lines": 0, "num_statements": 0, "percent_covered": 100.0, "percent_covered_display": "100", "missing_lines": 0, "excluded_lines": 0, "num_branches": 0, "num_partial_branches": 0, "covered_branches": 0, "missing_branches": 0}, "missing_lines": [], "excluded_lines": [], "executed_branches": [], "missing_branches": []}, "FindingClusterSerializer.Meta": {"executed_lines": [], "summary": {"covered_lines": 0, "num_statements": 0, "percent_covered": 100.0, "percent_covered_display": "100", "missing_lines": 0, "excluded_lines": 0, "num_branches": 0, "num_partial_branches": 0, "covered_branches": 0, "missing_branches": 0}, "missing_lines": [], "excluded_lines": [], "executed_branches": [], "missing_branches": []}, "FindingCommentSerializer": {"executed_lines": [], "summary": {"covered_lines": 0, "num_statements": 0, "percent_covered": 100.0, "percent_covered_display": "100", "missing_lines": 0, "excluded_lines": 0, "num_branches": 0, "num_partial_branches": 0, "covered_branches": 0, "missing_branches": 0}, "missing_lines": [], "excluded_lines": [], "executed_branches": [], "missing_branches": []}, "FindingCommentSerializer.Meta": {"executed_lines": [], "summary": {"covered_lines": 0, "num_statements": 0, "percent_covered": 100.0, "percent_covered_display": "100", "missing_lines": 0, "excluded_lines": 0, "num_branches": 0, "num_partial_branches": 0, "covered_branches": 0, "missing_branches": 0}, "missing_lines": [], "excluded_lines": [], "executed_branches": [], "missing_branches": []}, "FindingStatusHistorySerializer": {"executed_lines": [], "summary": {"covered_lines": 0, "num_statements": 0, "percent_covered": 100.0, "percent_covered_display": "100", "missing_lines": 0, "excluded_lines": 0, "num_branches": 0, "num_partial_branches": 0, "covered_branches": 0, "missing_branches": 0}, "missing_lines": [], "excluded_lines": [], "executed_branches": [], "missing_branches": []}, "FindingStatusHistorySerializer.Meta": {"executed_lines": [], "summary": {"covered_lines": 0, "num_statements": 0, "percent_covered": 100.0, "percent_covered_display": "100", "missing_lines": 0, "excluded_lines": 0, "num_branches": 0, "num_partial_branches": 0, "covered_branches": 0, "missing_branches": 0}, "missing_lines": [], "excluded_lines": [], "executed_branches": [], "missing_branches": []}, "": {"executed_lines": [1, 4, 5, 11, 12, 14, 15, 16, 23, 26, 27, 29, 30, 31, 34, 35, 37, 39, 40, 41, 44, 45, 47, 48, 49, 56, 57, 59, 60, 62, 63, 64, 74, 75, 77, 84, 85, 87, 88, 89, 95, 96, 98, 100, 101, 102, 110, 111, 113, 115, 116, 117, 118, 121, 122, 124, 126, 127, 128, 132], "summary": {"covered_lines": 49, "num_statements": 49, "percent_covered": 100.0, "percent_covered_display": "100", "missing_lines": 0, "excluded_lines": 0, "num_branches": 0, "num_partial_branches": 0, "covered_branches": 0, "missing_branches": 0}, "missing_lines": [], "excluded_lines": [], "executed_branches": [], "missing_branches": []}}}, "backend/apps/findings/api/urls.py": {"executed_lines": [1, 4, 5, 7, 8, 9, 11], "summary": {"covered_lines": 6, "num_statements": 6, "percent_covered": 100.0, "percent_covered_display": "100", "missing_lines": 0, "excluded_lines": 0, "num_branches": 0, "num_partial_branches": 0, "covered_branches": 0, "missing_branches": 0}, "missing_lines": [], "excluded_lines": [], "executed_branches": [], "missing_branches": [], "functions": {"": {"executed_lines": [1, 4, 5, 7, 8, 9, 11], "summary": {"covered_lines": 6, "num_statements": 6, "percent_covered": 100.0, "percent_covered_display": "100", "missing_lines": 0, "excluded_lines": 0, "num_branches": 0, "num_partial_branches": 0, "covered_branches": 0, "missing_branches": 0}, "missing_lines": [], "excluded_lines": [], "executed_branches": [], "missing_branches": []}}, "classes": {"": {"executed_lines": [1, 4, 5, 7, 8, 9, 11], "summary": {"covered_lines": 6, "num_statements": 6, "percent_covered": 100.0, "percent_covered_display": "100", "missing_lines": 0, "excluded_lines": 0, "num_branches": 0, "num_partial_branches": 0, "covered_branches": 0, "missing_branches": 0}, "missing_lines": [], "excluded_lines": [], "executed_branches": [], "missing_branches": []}}}, "backend/apps/findings/api/views.py": {"executed_lines": [1, 4, 5, 6, 7, 8, 9, 10, 16, 17, 22, 23, 24, 25, 26, 28, 35, 66, 83, 89, 90, 95, 96, 97, 98, 99, 100, 102, 131, 132], "summary": {"covered_lines": 27, "num_statements": 69, "percent_covered": 32.53012048192771, "percent_covered_display": "33", "missing_lines": 42, "excluded_lines": 0, "num_branches": 14, "num_partial_branches": 0, "covered_branches": 0, "missing_branches": 14}, "missing_lines": [29, 30, 31, 32, 33, 46, 53, 54, 55, 57, 58, 59, 64, 68, 69, 70, 71, 74, 75, 76, 77, 78, 81, 85, 86, 110, 115, 116, 117, 118, 119, 120, 123, 124, 125, 129, 134, 137, 142, 143, 149, 150], "excluded_lines": [], "executed_branches": [], "missing_branches": [[29, 30], [29, 31], [31, 32], [31, 33], [54, 55], [54, 57], [58, 59], [58, 64], [75, 76], [75, 78], [116, 117], [116, 123], [124, 125], [124, 129]], "functions": {"FindingViewSet.get_serializer_class": {"executed_lines": [], "summary": {"covered_lines": 0, "num_statements": 5, "percent_covered": 0.0, "percent_covered_display": "0", "missing_lines": 5, "excluded_lines": 0, "num_branches": 4, "num_partial_branches": 0, "covered_branches": 0, "missing_branches": 4}, "missing_lines": [29, 30, 31, 32, 33], "excluded_lines": [], "executed_branches": [], "missing_branches": [[29, 30], [29, 31], [31, 32], [31, 33]]}, "FindingViewSet.get_queryset": {"executed_lines": [], "summary": {"covered_lines": 0, "num_statements": 8, "percent_covered": 0.0, "percent_covered_display": "0", "missing_lines": 8, "excluded_lines": 0, "num_branches": 4, "num_partial_branches": 0, "covered_branches": 0, "missing_branches": 4}, "missing_lines": [46, 53, 54, 55, 57, 58, 59, 64], "excluded_lines": [], "executed_branches": [], "missing_branches": [[54, 55], [54, 57], [58, 59], [58, 64]]}, "FindingViewSet.update": {"executed_lines": [], "summary": {"covered_lines": 0, "num_statements": 10, "percent_covered": 0.0, "percent_covered_display": "0", "missing_lines": 10, "excluded_lines": 0, "num_branches": 2, "num_partial_branches": 0, "covered_branches": 0, "missing_branches": 2}, "missing_lines": [68, 69, 70, 71, 74, 75, 76, 77, 78, 81], "excluded_lines": [], "executed_branches": [], "missing_branches": [[75, 76], [75, 78]]}, "FindingViewSet.partial_update": {"executed_lines": [], "summary": {"covered_lines": 0, "num_statements": 2, "percent_covered": 0.0, "percent_covered_display": "0", "missing_lines": 2, "excluded_lines": 0, "num_branches": 0, "num_partial_branches": 0, "covered_branches": 0, "missing_branches": 0}, "missing_lines": [85, 86], "excluded_lines": [], "executed_branches": [], "missing_branches": []}, "FindingClusterViewSet.get_queryset": {"executed_lines": [], "summary": {"covered_lines": 0, "num_statements": 11, "percent_covered": 0.0, "percent_covered_display": "0", "missing_lines": 11, "excluded_lines": 0, "num_branches": 4, "num_partial_branches": 0, "covered_branches": 0, "missing_branches": 4}, "missing_lines": [110, 115, 116, 117, 118, 119, 120, 123, 124, 125, 129], "excluded_lines": [], "executed_branches": [], "missing_branches": [[116, 117], [116, 123], [124, 125], [124, 129]]}, "FindingClusterViewSet.findings": {"executed_lines": [], "summary": {"covered_lines": 0, "num_statements": 6, "percent_covered": 0.0, "percent_covered_display": "0", "missing_lines": 6, "excluded_lines": 0, "num_branches": 0, "num_partial_branches": 0, "covered_branches": 0, "missing_branches": 0}, "missing_lines": [134, 137, 142, 143, 149, 150], "excluded_lines": [], "executed_branches": [], "missing_branches": []}, "": {"executed_lines": [1, 4, 5, 6, 7, 8, 9, 10, 16, 17, 22, 23, 24, 25, 26, 28, 35, 66, 83, 89, 90, 95, 96, 97, 98, 99, 100, 102, 131, 132], "summary": {"covered_lines": 27, "num_statements": 27, "percent_covered": 100.0, "percent_covered_display": "100", "missing_lines": 0, "excluded_lines": 0, "num_branches": 0, "num_partial_branches": 0, "covered_branches": 0, "missing_branches": 0}, "missing_lines": [], "excluded_lines": [], "executed_branches": [], "missing_branches": []}}, "classes": {"FindingViewSet": {"executed_lines": [], "summary": {"covered_lines": 0, "num_statements": 25, "percent_covered": 0.0, "percent_covered_display": "0", "missing_lines": 25, "excluded_lines": 0, "num_branches": 10, "num_partial_branches": 0, "covered_branches": 0, "missing_branches": 10}, "missing_lines": [29, 30, 31, 32, 33, 46, 53, 54, 55, 57, 58, 59, 64, 68, 69, 70, 71, 74, 75, 76, 77, 78, 81, 85, 86], "excluded_lines": [], "executed_branches": [], "missing_branches": [[29, 30], [29, 31], [31, 32], [31, 33], [54, 55], [54, 57], [58, 59], [58, 64], [75, 76], [75, 78]]}, "FindingClusterViewSet": {"executed_lines": [], "summary": {"covered_lines": 0, "num_statements": 17, "percent_covered": 0.0, "percent_covered_display": "0", "missing_lines": 17, "excluded_lines": 0, "num_branches": 4, "num_partial_branches": 0, "covered_branches": 0, "missing_branches": 4}, "missing_lines": [110, 115, 116, 117, 118, 119, 120, 123, 124, 125, 129, 134, 137, 142, 143, 149, 150], "excluded_lines": [], "executed_branches": [], "missing_branches": [[116, 117], [116, 123], [124, 125], [124, 129]]}, "": {"executed_lines": [1, 4, 5, 6, 7, 8, 9, 10, 16, 17, 22, 23, 24, 25, 26, 28, 35, 66, 83, 89, 90, 95, 96, 97, 98, 99, 100, 102, 131, 132], "summary": {"covered_lines": 27, "num_statements": 27, "percent_covered": 100.0, "percent_covered_display": "100", "missing_lines": 0, "excluded_lines": 0, "num_branches": 0, "num_partial_branches": 0, "covered_branches": 0, "missing_branches": 0}, "missing_lines": [], "excluded_lines": [], "executed_branches": [], "missing_branches": []}}}, "backend/apps/findings/apps.py": {"executed_lines": [1, 4, 5, 6, 7], "summary": {"covered_lines": 5, "num_statements": 5, "percent_covered": 100.0, "percent_covered_display": "100", "missing_lines": 0, "excluded_lines": 0, "num_branches": 0, "num_partial_branches": 0, "covered_branches": 0, "missing_branches": 0}, "missing_lines": [], "excluded_lines": [], "executed_branches": [], "missing_branches": [], "functions": {"": {"executed_lines": [1, 4, 5, 6, 7], "summary": {"covered_lines": 5, "num_statements": 5, "percent_covered": 100.0, "percent_covered_display": "100", "missing_lines": 0, "excluded_lines": 0, "num_branches": 0, "num_partial_branches": 0, "covered_branches": 0, "missing_branches": 0}, "missing_lines": [], "excluded_lines": [], "executed_branches": [], "missing_branches": []}}, "classes": {"FindingsConfig": {"executed_lines": [], "summary": {"covered_lines": 0, "num_statements": 0, "percent_covered": 100.0, "percent_covered_display": "100", "missing_lines": 0, "excluded_lines": 0, "num_branches": 0, "num_partial_branches": 0, "covered_branches": 0, "missing_branches": 0}, "missing_lines": [], "excluded_lines": [], "executed_branches": [], "missing_branches": []}, "": {"executed_lines": [1, 4, 5, 6, 7], "summary": {"covered_lines": 5, "num_statements": 5, "percent_covered": 100.0, "percent_covered_display": "100", "missing_lines": 0, "excluded_lines": 0, "num_branches": 0, "num_partial_branches": 0, "covered_branches": 0, "missing_branches": 0}, "missing_lines": [], "excluded_lines": [], "executed_branches": [], "missing_branches": []}}}, "backend/apps/findings/models.py": {"executed_lines": [1, 5, 6, 7, 8, 9, 10, 13, 14, 18, 26, 34, 35, 41, 46, 51, 59, 62, 63, 64, 65, 66, 69, 70, 71, 72, 73, 76, 79, 80, 83, 84, 87, 90, 91, 92, 93, 96, 97, 99, 100, 101, 102, 103, 104, 114, 116, 119, 120, 128, 137, 138, 141, 142, 147, 152, 155, 156, 158, 159, 160, 161, 162, 164, 168, 169, 172, 173, 178, 183, 184, 185, 188, 190, 191, 192, 193, 194, 196, 200, 201, 207, 213, 219, 220, 227, 228, 229, 232, 235, 238, 239, 240, 248, 249, 250, 251, 259, 262, 265, 266, 268, 269, 270, 271, 272, 273, 280, 283, 284, 288, 289, 294, 295, 302, 303, 311, 318, 328, 329, 333, 339, 344, 350, 351, 352, 355, 362, 363, 365, 366, 367, 368, 369, 370, 375, 377, 381, 382, 388, 389, 394, 401, 407, 409, 410, 411, 412, 413, 414, 418], "summary": {"covered_lines": 144, "num_statements": 158, "percent_covered": 91.13924050632912, "percent_covered_display": "91", "missing_lines": 14, "excluded_lines": 0, "num_branches": 0, "num_partial_branches": 0, "covered_branches": 0, "missing_branches": 0}, "missing_lines": [117, 124, 125, 126, 132, 133, 134, 165, 197, 281, 286, 291, 378, 419], "excluded_lines": [], "executed_branches": [], "missing_branches": [], "functions": {"Finding.__str__": {"executed_lines": [], "summary": {"covered_lines": 0, "num_statements": 1, "percent_covered": 0.0, "percent_covered_display": "0", "missing_lines": 1, "excluded_lines": 0, "num_branches": 0, "num_partial_branches": 0, "covered_branches": 0, "missing_branches": 0}, "missing_lines": [117], "excluded_lines": [], "executed_branches": [], "missing_branches": []}, "Finding.generate_fingerprint": {"executed_lines": [], "summary": {"covered_lines": 0, "num_statements": 3, "percent_covered": 0.0, "percent_covered_display": "0", "missing_lines": 3, "excluded_lines": 0, "num_branches": 0, "num_partial_branches": 0, "covered_branches": 0, "missing_branches": 0}, "missing_lines": [124, 125, 126], "excluded_lines": [], "executed_branches": [], "missing_branches": []}, "Finding.update_occurrence": {"executed_lines": [], "summary": {"covered_lines": 0, "num_statements": 3, "percent_covered": 0.0, "percent_covered_display": "0", "missing_lines": 3, "excluded_lines": 0, "num_branches": 0, "num_partial_branches": 0, "covered_branches": 0, "missing_branches": 0}, "missing_lines": [132, 133, 134], "excluded_lines": [], "executed_branches": [], "missing_branches": []}, "FindingComment.__str__": {"executed_lines": [], "summary": {"covered_lines": 0, "num_statements": 1, "percent_covered": 0.0, "percent_covered_display": "0", "missing_lines": 1, "excluded_lines": 0, "num_branches": 0, "num_partial_branches": 0, "covered_branches": 0, "missing_branches": 0}, "missing_lines": [165], "excluded_lines": [], "executed_branches": [], "missing_branches": []}, "FindingStatusHistory.__str__": {"executed_lines": [], "summary": {"covered_lines": 0, "num_statements": 1, "percent_covered": 0.0, "percent_covered_display": "0", "missing_lines": 1, "excluded_lines": 0, "num_branches": 0, "num_partial_branches": 0, "covered_branches": 0, "missing_branches": 0}, "missing_lines": [197], "excluded_lines": [], "executed_branches": [], "missing_branches": []}, "LLMVerdict.__str__": {"executed_lines": [], "summary": {"covered_lines": 0, "num_statements": 1, "percent_covered": 0.0, "percent_covered_display": "0", "missing_lines": 1, "excluded_lines": 0, "num_branches": 0, "num_partial_branches": 0, "covered_branches": 0, "missing_branches": 0}, "missing_lines": [281], "excluded_lines": [], "executed_branches": [], "missing_branches": []}, "LLMVerdict.is_high_confidence": {"executed_lines": [], "summary": {"covered_lines": 0, "num_statements": 1, "percent_covered": 0.0, "percent_covered_display": "0", "missing_lines": 1, "excluded_lines": 0, "num_branches": 0, "num_partial_branches": 0, "covered_branches": 0, "missing_branches": 0}, "missing_lines": [286], "excluded_lines": [], "executed_branches": [], "missing_branches": []}, "LLMVerdict.should_filter": {"executed_lines": [], "summary": {"covered_lines": 0, "num_statements": 1, "percent_covered": 0.0, "percent_covered_display": "0", "missing_lines": 1, "excluded_lines": 0, "num_branches": 0, "num_partial_branches": 0, "covered_branches": 0, "missing_branches": 0}, "missing_lines": [291], "excluded_lines": [], "executed_branches": [], "missing_branches": []}, "FindingCluster.__str__": {"executed_lines": [], "summary": {"covered_lines": 0, "num_statements": 1, "percent_covered": 0.0, "percent_covered_display": "0", "missing_lines": 1, "excluded_lines": 0, "num_branches": 0, "num_partial_branches": 0, "covered_branches": 0, "missing_branches": 0}, "missing_lines": [378], "excluded_lines": [], "executed_branches": [], "missing_branches": []}, "FindingClusterMembership.__str__": {"executed_lines": [], "summary": {"covered_lines": 0, "num_statements": 1, "percent_covered": 0.0, "percent_covered_display": "0", "missing_lines": 1, "excluded_lines": 0, "num_branches": 0, "num_partial_branches": 0, "covered_branches": 0, "missing_branches": 0}, "missing_lines": [419], "excluded_lines": [], "executed_branches": [], "missing_branches": []}, "": {"executed_lines": [1, 5, 6, 7, 8, 9, 10, 13, 14, 18, 26, 34, 35, 41, 46, 51, 59, 62, 63, 64, 65, 66, 69, 70, 71, 72, 73, 76, 79, 80, 83, 84, 87, 90, 91, 92, 93, 96, 97, 99, 100, 101, 102, 103, 104, 114, 116, 119, 120, 128, 137, 138, 141, 142, 147, 152, 155, 156, 158, 159, 160, 161, 162, 164, 168, 169, 172, 173, 178, 183, 184, 185, 188, 190, 191, 192, 193, 194, 196, 200, 201, 207, 213, 219, 220, 227, 228, 229, 232, 235, 238, 239, 240, 248, 249, 250, 251, 259, 262, 265, 266, 268, 269, 270, 271, 272, 273, 280, 283, 284, 288, 289, 294, 295, 302, 303, 311, 318, 328, 329, 333, 339, 344, 350, 351, 352, 355, 362, 363, 365, 366, 367, 368, 369, 370, 375, 377, 381, 382, 388, 389, 394, 401, 407, 409, 410, 411, 412, 413, 414, 418], "summary": {"covered_lines": 144, "num_statements": 144, "percent_covered": 100.0, "percent_covered_display": "100", "missing_lines": 0, "excluded_lines": 0, "num_branches": 0, "num_partial_branches": 0, "covered_branches": 0, "missing_branches": 0}, "missing_lines": [], "excluded_lines": [], "executed_branches": [], "missing_branches": []}}, "classes": {"Finding": {"executed_lines": [], "summary": {"covered_lines": 0, "num_statements": 7, "percent_covered": 0.0, "percent_covered_display": "0", "missing_lines": 7, "excluded_lines": 0, "num_branches": 0, "num_partial_branches": 0, "covered_branches": 0, "missing_branches": 0}, "missing_lines": [117, 124, 125, 126, 132, 133, 134], "excluded_lines": [], "executed_branches": [], "missing_branches": []}, "Finding.Meta": {"executed_lines": [], "summary": {"covered_lines": 0, "num_statements": 0, "percent_covered": 100.0, "percent_covered_display": "100", "missing_lines": 0, "excluded_lines": 0, "num_branches": 0, "num_partial_branches": 0, "covered_branches": 0, "missing_branches": 0}, "missing_lines": [], "excluded_lines": [], "executed_branches": [], "missing_branches": []}, "FindingComment": {"executed_lines": [], "summary": {"covered_lines": 0, "num_statements": 1, "percent_covered": 0.0, "percent_covered_display": "0", "missing_lines": 1, "excluded_lines": 0, "num_branches": 0, "num_partial_branches": 0, "covered_branches": 0, "missing_branches": 0}, "missing_lines": [165], "excluded_lines": [], "executed_branches": [], "missing_branches": []}, "FindingComment.Meta": {"executed_lines": [], "summary": {"covered_lines": 0, "num_statements": 0, "percent_covered": 100.0, "percent_covered_display": "100", "missing_lines": 0, "excluded_lines": 0, "num_branches": 0, "num_partial_branches": 0, "covered_branches": 0, "missing_branches": 0}, "missing_lines": [], "excluded_lines": [], "executed_branches": [], "missing_branches": []}, "FindingStatusHistory": {"executed_lines": [], "summary": {"covered_lines": 0, "num_statements": 1, "percent_covered": 0.0, "percent_covered_display": "0", "missing_lines": 1, "excluded_lines": 0, "num_branches": 0, "num_partial_branches": 0, "covered_branches": 0, "missing_branches": 0}, "missing_lines": [197], "excluded_lines": [], "executed_branches": [], "missing_branches": []}, "FindingStatusHistory.Meta": {"executed_lines": [], "summary": {"covered_lines": 0, "num_statements": 0, "percent_covered": 100.0, "percent_covered_display": "100", "missing_lines": 0, "excluded_lines": 0, "num_branches": 0, "num_partial_branches": 0, "covered_branches": 0, "missing_branches": 0}, "missing_lines": [], "excluded_lines": [], "executed_branches": [], "missing_branches": []}, "LLMVerdict": {"executed_lines": [], "summary": {"covered_lines": 0, "num_statements": 3, "percent_covered": 0.0, "percent_covered_display": "0", "missing_lines": 3, "excluded_lines": 0, "num_branches": 0, "num_partial_branches": 0, "covered_branches": 0, "missing_branches": 0}, "missing_lines": [281, 286, 291], "excluded_lines": [], "executed_branches": [], "missing_branches": []}, "LLMVerdict.Meta": {"executed_lines": [], "summary": {"covered_lines": 0, "num_statements": 0, "percent_covered": 100.0, "percent_covered_display": "100", "missing_lines": 0, "excluded_lines": 0, "num_branches": 0, "num_partial_branches": 0, "covered_branches": 0, "missing_branches": 0}, "missing_lines": [], "excluded_lines": [], "executed_branches": [], "missing_branches": []}, "FindingCluster": {"executed_lines": [], "summary": {"covered_lines": 0, "num_statements": 1, "percent_covered": 0.0, "percent_covered_display": "0", "missing_lines": 1, "excluded_lines": 0, "num_branches": 0, "num_partial_branches": 0, "covered_branches": 0, "missing_branches": 0}, "missing_lines": [378], "excluded_lines": [], "executed_branches": [], "missing_branches": []}, "FindingCluster.Meta": {"executed_lines": [], "summary": {"covered_lines": 0, "num_statements": 0, "percent_covered": 100.0, "percent_covered_display": "100", "missing_lines": 0, "excluded_lines": 0, "num_branches": 0, "num_partial_branches": 0, "covered_branches": 0, "missing_branches": 0}, "missing_lines": [], "excluded_lines": [], "executed_branches": [], "missing_branches": []}, "FindingClusterMembership": {"executed_lines": [], "summary": {"covered_lines": 0, "num_statements": 1, "percent_covered": 0.0, "percent_covered_display": "0", "missing_lines": 1, "excluded_lines": 0, "num_branches": 0, "num_partial_branches": 0, "covered_branches": 0, "missing_branches": 0}, "missing_lines": [419], "excluded_lines": [], "executed_branches": [], "missing_branches": []}, "FindingClusterMembership.Meta": {"executed_lines": [], "summary": {"covered_lines": 0, "num_statements": 0, "percent_covered": 100.0, "percent_covered_display": "100", "missing_lines": 0, "excluded_lines": 0, "num_branches": 0, "num_partial_branches": 0, "covered_branches": 0, "missing_branches": 0}, "missing_lines": [], "excluded_lines": [], "executed_branches": [], "missing_branches": []}, "": {"executed_lines": [1, 5, 6, 7, 8, 9, 10, 13, 14, 18, 26, 34, 35, 41, 46, 51, 59, 62, 63, 64, 65, 66, 69, 70, 71, 72, 73, 76, 79, 80, 83, 84, 87, 90, 91, 92, 93, 96, 97, 99, 100, 101, 102, 103, 104, 114, 116, 119, 120, 128, 137, 138, 141, 142, 147, 152, 155, 156, 158, 159, 160, 161, 162, 164, 168, 169, 172, 173, 178, 183, 184, 185, 188, 190, 191, 192, 193, 194, 196, 200, 201, 207, 213, 219, 220, 227, 228, 229, 232, 235, 238, 239, 240, 248, 249, 250, 251, 259, 262, 265, 266, 268, 269, 270, 271, 272, 273, 280, 283, 284, 288, 289, 294, 295, 302, 303, 311, 318, 328, 329, 333, 339, 344, 350, 351, 352, 355, 362, 363, 365, 366, 367, 368, 369, 370, 375, 377, 381, 382, 388, 389, 394, 401, 407, 409, 410, 411, 412, 413, 414, 418], "summary": {"covered_lines": 144, "num_statements": 144, "percent_covered": 100.0, "percent_covered_display": "100", "missing_lines": 0, "excluded_lines": 0, "num_branches": 0, "num_partial_branches": 0, "covered_branches": 0, "missing_branches": 0}, "missing_lines": [], "excluded_lines": [], "executed_branches": [], "missing_branches": []}}}, "backend/apps/findings/serializers.py": {"executed_lines": [1, 4, 5, 8, 9, 10, 11, 13, 14, 15, 16, 18, 22, 23, 24, 26, 27, 28, 29, 32, 33, 34, 35, 37, 38, 39, 47, 52, 56, 57, 58, 59, 60, 61, 63, 64, 70, 71, 72, 73], "summary": {"covered_lines": 34, "num_statements": 36, "percent_covered": 94.44444444444444, "percent_covered_display": "94", "missing_lines": 2, "excluded_lines": 0, "num_branches": 0, "num_partial_branches": 0, "covered_branches": 0, "missing_branches": 0}, "missing_lines": [19, 53], "excluded_lines": [], "executed_branches": [], "missing_branches": [], "functions": {"FindingCommentSerializer.get_author_name": {"executed_lines": [], "summary": {"covered_lines": 0, "num_statements": 1, "percent_covered": 0.0, "percent_covered_display": "0", "missing_lines": 1, "excluded_lines": 0, "num_branches": 0, "num_partial_branches": 0, "covered_branches": 0, "missing_branches": 0}, "missing_lines": [19], "excluded_lines": [], "executed_branches": [], "missing_branches": []}, "FindingSerializer.get_comment_count": {"executed_lines": [], "summary": {"covered_lines": 0, "num_statements": 1, "percent_covered": 0.0, "percent_covered_display": "0", "missing_lines": 1, "excluded_lines": 0, "num_branches": 0, "num_partial_branches": 0, "covered_branches": 0, "missing_branches": 0}, "missing_lines": [53], "excluded_lines": [], "executed_branches": [], "missing_branches": []}, "": {"executed_lines": [1, 4, 5, 8, 9, 10, 11, 13, 14, 15, 16, 18, 22, 23, 24, 26, 27, 28, 29, 32, 33, 34, 35, 37, 38, 39, 47, 52, 56, 57, 58, 59, 60, 61, 63, 64, 70, 71, 72, 73], "summary": {"covered_lines": 34, "num_statements": 34, "percent_covered": 100.0, "percent_covered_display": "100", "missing_lines": 0, "excluded_lines": 0, "num_branches": 0, "num_partial_branches": 0, "covered_branches": 0, "missing_branches": 0}, "missing_lines": [], "excluded_lines": [], "executed_branches": [], "missing_branches": []}}, "classes": {"FindingCommentSerializer": {"executed_lines": [], "summary": {"covered_lines": 0, "num_statements": 1, "percent_covered": 0.0, "percent_covered_display": "0", "missing_lines": 1, "excluded_lines": 0, "num_branches": 0, "num_partial_branches": 0, "covered_branches": 0, "missing_branches": 0}, "missing_lines": [19], "excluded_lines": [], "executed_branches": [], "missing_branches": []}, "FindingCommentSerializer.Meta": {"executed_lines": [], "summary": {"covered_lines": 0, "num_statements": 0, "percent_covered": 100.0, "percent_covered_display": "100", "missing_lines": 0, "excluded_lines": 0, "num_branches": 0, "num_partial_branches": 0, "covered_branches": 0, "missing_branches": 0}, "missing_lines": [], "excluded_lines": [], "executed_branches": [], "missing_branches": []}, "FindingStatusHistorySerializer": {"executed_lines": [], "summary": {"covered_lines": 0, "num_statements": 0, "percent_covered": 100.0, "percent_covered_display": "100", "missing_lines": 0, "excluded_lines": 0, "num_branches": 0, "num_partial_branches": 0, "covered_branches": 0, "missing_branches": 0}, "missing_lines": [], "excluded_lines": [], "executed_branches": [], "missing_branches": []}, "FindingStatusHistorySerializer.Meta": {"executed_lines": [], "summary": {"covered_lines": 0, "num_statements": 0, "percent_covered": 100.0, "percent_covered_display": "100", "missing_lines": 0, "excluded_lines": 0, "num_branches": 0, "num_partial_branches": 0, "covered_branches": 0, "missing_branches": 0}, "missing_lines": [], "excluded_lines": [], "executed_branches": [], "missing_branches": []}, "FindingSerializer": {"executed_lines": [], "summary": {"covered_lines": 0, "num_statements": 1, "percent_covered": 0.0, "percent_covered_display": "0", "missing_lines": 1, "excluded_lines": 0, "num_branches": 0, "num_partial_branches": 0, "covered_branches": 0, "missing_branches": 0}, "missing_lines": [53], "excluded_lines": [], "executed_branches": [], "missing_branches": []}, "FindingSerializer.Meta": {"executed_lines": [], "summary": {"covered_lines": 0, "num_statements": 0, "percent_covered": 100.0, "percent_covered_display": "100", "missing_lines": 0, "excluded_lines": 0, "num_branches": 0, "num_partial_branches": 0, "covered_branches": 0, "missing_branches": 0}, "missing_lines": [], "excluded_lines": [], "executed_branches": [], "missing_branches": []}, "FindingDetailSerializer": {"executed_lines": [], "summary": {"covered_lines": 0, "num_statements": 0, "percent_covered": 100.0, "percent_covered_display": "100", "missing_lines": 0, "excluded_lines": 0, "num_branches": 0, "num_partial_branches": 0, "covered_branches": 0, "missing_branches": 0}, "missing_lines": [], "excluded_lines": [], "executed_branches": [], "missing_branches": []}, "FindingDetailSerializer.Meta": {"executed_lines": [], "summary": {"covered_lines": 0, "num_statements": 0, "percent_covered": 100.0, "percent_covered_display": "100", "missing_lines": 0, "excluded_lines": 0, "num_branches": 0, "num_partial_branches": 0, "covered_branches": 0, "missing_branches": 0}, "missing_lines": [], "excluded_lines": [], "executed_branches": [], "missing_branches": []}, "FindingStatusUpdateSerializer": {"executed_lines": [], "summary": {"covered_lines": 0, "num_statements": 0, "percent_covered": 100.0, "percent_covered_display": "100", "missing_lines": 0, "excluded_lines": 0, "num_branches": 0, "num_partial_branches": 0, "covered_branches": 0, "missing_branches": 0}, "missing_lines": [], "excluded_lines": [], "executed_branches": [], "missing_branches": []}, "": {"executed_lines": [1, 4, 5, 8, 9, 10, 11, 13, 14, 15, 16, 18, 22, 23, 24, 26, 27, 28, 29, 32, 33, 34, 35, 37, 38, 39, 47, 52, 56, 57, 58, 59, 60, 61, 63, 64, 70, 71, 72, 73], "summary": {"covered_lines": 34, "num_statements": 34, "percent_covered": 100.0, "percent_covered_display": "100", "missing_lines": 0, "excluded_lines": 0, "num_branches": 0, "num_partial_branches": 0, "covered_branches": 0, "missing_branches": 0}, "missing_lines": [], "excluded_lines": [], "executed_branches": [], "missing_branches": []}}}, "backend/apps/findings/urls.py": {"executed_lines": [1, 4, 5, 6, 8, 9, 10, 12], "summary": {"covered_lines": 7, "num_statements": 7, "percent_covered": 100.0, "percent_covered_display": "100", "missing_lines": 0, "excluded_lines": 0, "num_branches": 0, "num_partial_branches": 0, "covered_branches": 0, "missing_branches": 0}, "missing_lines": [], "excluded_lines": [], "executed_branches": [], "missing_branches": [], "functions": {"": {"executed_lines": [1, 4, 5, 6, 8, 9, 10, 12], "summary": {"covered_lines": 7, "num_statements": 7, "percent_covered": 100.0, "percent_covered_display": "100", "missing_lines": 0, "excluded_lines": 0, "num_branches": 0, "num_partial_branches": 0, "covered_branches": 0, "missing_branches": 0}, "missing_lines": [], "excluded_lines": [], "executed_branches": [], "missing_branches": []}}, "classes": {"": {"executed_lines": [1, 4, 5, 6, 8, 9, 10, 12], "summary": {"covered_lines": 7, "num_statements": 7, "percent_covered": 100.0, "percent_covered_display": "100", "missing_lines": 0, "excluded_lines": 0, "num_branches": 0, "num_partial_branches": 0, "covered_branches": 0, "missing_branches": 0}, "missing_lines": [], "excluded_lines": [], "executed_branches": [], "missing_branches": []}}}, "backend/apps/findings/views.py": {"executed_lines": [1, 4, 5, 6, 7, 8, 9, 10, 14, 17, 18, 21, 22, 24, 35, 40, 41, 48, 49, 68, 69, 97, 98, 123, 124, 127, 128, 129, 131, 140], "summary": {"covered_lines": 27, "num_statements": 64, "percent_covered": 36.486486486486484, "percent_covered_display": "36", "missing_lines": 37, "excluded_lines": 0, "num_branches": 10, "num_partial_branches": 0, "covered_branches": 0, "missing_branches": 10}, "missing_lines": [26, 27, 28, 29, 36, 37, 38, 43, 44, 45, 46, 51, 52, 57, 58, 63, 71, 72, 73, 75, 76, 77, 79, 81, 90, 91, 92, 93, 95, 100, 102, 120, 133, 134, 135, 136, 142], "excluded_lines": [], "executed_branches": [], "missing_branches": [[27, 28], [27, 29], [36, 37], [36, 38], [79, 81], [79, 95], [91, 92], [91, 93], [134, 135], [134, 136]], "functions": {"FindingViewSet.get_queryset": {"executed_lines": [], "summary": {"covered_lines": 0, "num_statements": 4, "percent_covered": 0.0, "percent_covered_display": "0", "missing_lines": 4, "excluded_lines": 0, "num_branches": 2, "num_partial_branches": 0, "covered_branches": 0, "missing_branches": 2}, "missing_lines": [26, 27, 28, 29], "excluded_lines": [], "executed_branches": [], "missing_branches": [[27, 28], [27, 29]]}, "FindingViewSet.get_serializer_class": {"executed_lines": [], "summary": {"covered_lines": 0, "num_statements": 3, "percent_covered": 0.0, "percent_covered_display": "0", "missing_lines": 3, "excluded_lines": 0, "num_branches": 2, "num_partial_branches": 0, "covered_branches": 0, "missing_branches": 2}, "missing_lines": [36, 37, 38], "excluded_lines": [], "executed_branches": [], "missing_branches": [[36, 37], [36, 38]]}, "FindingViewSet.comments": {"executed_lines": [], "summary": {"covered_lines": 0, "num_statements": 4, "percent_covered": 0.0, "percent_covered_display": "0", "missing_lines": 4, "excluded_lines": 0, "num_branches": 0, "num_partial_branches": 0, "covered_branches": 0, "missing_branches": 0}, "missing_lines": [43, 44, 45, 46], "excluded_lines": [], "executed_branches": [], "missing_branches": []}, "FindingViewSet.add_comment": {"executed_lines": [], "summary": {"covered_lines": 0, "num_statements": 5, "percent_covered": 0.0, "percent_covered_display": "0", "missing_lines": 5, "excluded_lines": 0, "num_branches": 0, "num_partial_branches": 0, "covered_branches": 0, "missing_branches": 0}, "missing_lines": [51, 52, 57, 58, 63], "excluded_lines": [], "executed_branches": [], "missing_branches": []}, "FindingViewSet.update_status": {"executed_lines": [], "summary": {"covered_lines": 0, "num_statements": 13, "percent_covered": 0.0, "percent_covered_display": "0", "missing_lines": 13, "excluded_lines": 0, "num_branches": 4, "num_partial_branches": 0, "covered_branches": 0, "missing_branches": 4}, "missing_lines": [71, 72, 73, 75, 76, 77, 79, 81, 90, 91, 92, 93, 95], "excluded_lines": [], "executed_branches": [], "missing_branches": [[79, 81], [79, 95], [91, 92], [91, 93]]}, "FindingViewSet.stats": {"executed_lines": [], "summary": {"covered_lines": 0, "num_statements": 3, "percent_covered": 0.0, "percent_covered_display": "0", "missing_lines": 3, "excluded_lines": 0, "num_branches": 0, "num_partial_branches": 0, "covered_branches": 0, "missing_branches": 0}, "missing_lines": [100, 102, 120], "excluded_lines": [], "executed_branches": [], "missing_branches": []}, "FindingCommentViewSet.get_queryset": {"executed_lines": [], "summary": {"covered_lines": 0, "num_statements": 4, "percent_covered": 0.0, "percent_covered_display": "0", "missing_lines": 4, "excluded_lines": 0, "num_branches": 2, "num_partial_branches": 0, "covered_branches": 0, "missing_branches": 2}, "missing_lines": [133, 134, 135, 136], "excluded_lines": [], "executed_branches": [], "missing_branches": [[134, 135], [134, 136]]}, "FindingCommentViewSet.perform_create": {"executed_lines": [], "summary": {"covered_lines": 0, "num_statements": 1, "percent_covered": 0.0, "percent_covered_display": "0", "missing_lines": 1, "excluded_lines": 0, "num_branches": 0, "num_partial_branches": 0, "covered_branches": 0, "missing_branches": 0}, "missing_lines": [142], "excluded_lines": [], "executed_branches": [], "missing_branches": []}, "": {"executed_lines": [1, 4, 5, 6, 7, 8, 9, 10, 14, 17, 18, 21, 22, 24, 35, 40, 41, 48, 49, 68, 69, 97, 98, 123, 124, 127, 128, 129, 131, 140], "summary": {"covered_lines": 27, "num_statements": 27, "percent_covered": 100.0, "percent_covered_display": "100", "missing_lines": 0, "excluded_lines": 0, "num_branches": 0, "num_partial_branches": 0, "covered_branches": 0, "missing_branches": 0}, "missing_lines": [], "excluded_lines": [], "executed_branches": [], "missing_branches": []}}, "classes": {"FindingViewSet": {"executed_lines": [], "summary": {"covered_lines": 0, "num_statements": 32, "percent_covered": 0.0, "percent_covered_display": "0", "missing_lines": 32, "excluded_lines": 0, "num_branches": 8, "num_partial_branches": 0, "covered_branches": 0, "missing_branches": 8}, "missing_lines": [26, 27, 28, 29, 36, 37, 38, 43, 44, 45, 46, 51, 52, 57, 58, 63, 71, 72, 73, 75, 76, 77, 79, 81, 90, 91, 92, 93, 95, 100, 102, 120], "excluded_lines": [], "executed_branches": [], "missing_branches": [[27, 28], [27, 29], [36, 37], [36, 38], [79, 81], [79, 95], [91, 92], [91, 93]]}, "FindingCommentViewSet": {"executed_lines": [], "summary": {"covered_lines": 0, "num_statements": 5, "percent_covered": 0.0, "percent_covered_display": "0", "missing_lines": 5, "excluded_lines": 0, "num_branches": 2, "num_partial_branches": 0, "covered_branches": 0, "missing_branches": 2}, "missing_lines": [133, 134, 135, 136, 142], "excluded_lines": [], "executed_branches": [], "missing_branches": [[134, 135], [134, 136]]}, "": {"executed_lines": [1, 4, 5, 6, 7, 8, 9, 10, 14, 17, 18, 21, 22, 24, 35, 40, 41, 48, 49, 68, 69, 97, 98, 123, 124, 127, 128, 129, 131, 140], "summary": {"covered_lines": 27, "num_statements": 27, "percent_covered": 100.0, "percent_covered_display": "100", "missing_lines": 0, "excluded_lines": 0, "num_branches": 0, "num_partial_branches": 0, "covered_branches": 0, "missing_branches": 0}, "missing_lines": [], "excluded_lines": [], "executed_branches": [], "missing_branches": []}}}, "backend/apps/organizations/__init__.py": {"executed_lines": [1], "summary": {"covered_lines": 1, "num_statements": 1, "percent_covered": 100.0, "percent_covered_display": "100", "missing_lines": 0, "excluded_lines": 0, "num_branches": 0, "num_partial_branches": 0, "covered_branches": 0, "missing_branches": 0}, "missing_lines": [], "excluded_lines": [], "executed_branches": [], "missing_branches": [], "functions": {"": {"executed_lines": [1], "summary": {"covered_lines": 1, "num_statements": 1, "percent_covered": 100.0, "percent_covered_display": "100", "missing_lines": 0, "excluded_lines": 0, "num_branches": 0, "num_partial_branches": 0, "covered_branches": 0, "missing_branches": 0}, "missing_lines": [], "excluded_lines": [], "executed_branches": [], "missing_branches": []}}, "classes": {"": {"executed_lines": [1], "summary": {"covered_lines": 1, "num_statements": 1, "percent_covered": 100.0, "percent_covered_display": "100", "missing_lines": 0, "excluded_lines": 0, "num_branches": 0, "num_partial_branches": 0, "covered_branches": 0, "missing_branches": 0}, "missing_lines": [], "excluded_lines": [], "executed_branches": [], "missing_branches": []}}}, "backend/apps/organizations/admin.py": {"executed_lines": [1, 4, 5, 8, 9, 10, 11, 14, 15, 16, 17, 18, 19, 20, 21, 24, 25, 26, 27, 28, 29, 30, 33, 34, 35, 36, 39, 40, 41, 42, 43, 44, 45, 46, 49, 50, 51, 52, 53, 54, 55], "summary": {"covered_lines": 40, "num_statements": 40, "percent_covered": 100.0, "percent_covered_display": "100", "missing_lines": 0, "excluded_lines": 0, "num_branches": 0, "num_partial_branches": 0, "covered_branches": 0, "missing_branches": 0}, "missing_lines": [], "excluded_lines": [], "executed_branches": [], "missing_branches": [], "functions": {"": {"executed_lines": [1, 4, 5, 8, 9, 10, 11, 14, 15, 16, 17, 18, 19, 20, 21, 24, 25, 26, 27, 28, 29, 30, 33, 34, 35, 36, 39, 40, 41, 42, 43, 44, 45, 46, 49, 50, 51, 52, 53, 54, 55], "summary": {"covered_lines": 40, "num_statements": 40, "percent_covered": 100.0, "percent_covered_display": "100", "missing_lines": 0, "excluded_lines": 0, "num_branches": 0, "num_partial_branches": 0, "covered_branches": 0, "missing_branches": 0}, "missing_lines": [], "excluded_lines": [], "executed_branches": [], "missing_branches": []}}, "classes": {"OrganizationMembershipInline": {"executed_lines": [], "summary": {"covered_lines": 0, "num_statements": 0, "percent_covered": 100.0, "percent_covered_display": "100", "missing_lines": 0, "excluded_lines": 0, "num_branches": 0, "num_partial_branches": 0, "covered_branches": 0, "missing_branches": 0}, "missing_lines": [], "excluded_lines": [], "executed_branches": [], "missing_branches": []}, "OrganizationAdmin": {"executed_lines": [], "summary": {"covered_lines": 0, "num_statements": 0, "percent_covered": 100.0, "percent_covered_display": "100", "missing_lines": 0, "excluded_lines": 0, "num_branches": 0, "num_partial_branches": 0, "covered_branches": 0, "missing_branches": 0}, "missing_lines": [], "excluded_lines": [], "executed_branches": [], "missing_branches": []}, "OrganizationMembershipAdmin": {"executed_lines": [], "summary": {"covered_lines": 0, "num_statements": 0, "percent_covered": 100.0, "percent_covered_display": "100", "missing_lines": 0, "excluded_lines": 0, "num_branches": 0, "num_partial_branches": 0, "covered_branches": 0, "missing_branches": 0}, "missing_lines": [], "excluded_lines": [], "executed_branches": [], "missing_branches": []}, "BranchInline": {"executed_lines": [], "summary": {"covered_lines": 0, "num_statements": 0, "percent_covered": 100.0, "percent_covered_display": "100", "missing_lines": 0, "excluded_lines": 0, "num_branches": 0, "num_partial_branches": 0, "covered_branches": 0, "missing_branches": 0}, "missing_lines": [], "excluded_lines": [], "executed_branches": [], "missing_branches": []}, "RepositoryAdmin": {"executed_lines": [], "summary": {"covered_lines": 0, "num_statements": 0, "percent_covered": 100.0, "percent_covered_display": "100", "missing_lines": 0, "excluded_lines": 0, "num_branches": 0, "num_partial_branches": 0, "covered_branches": 0, "missing_branches": 0}, "missing_lines": [], "excluded_lines": [], "executed_branches": [], "missing_branches": []}, "BranchAdmin": {"executed_lines": [], "summary": {"covered_lines": 0, "num_statements": 0, "percent_covered": 100.0, "percent_covered_display": "100", "missing_lines": 0, "excluded_lines": 0, "num_branches": 0, "num_partial_branches": 0, "covered_branches": 0, "missing_branches": 0}, "missing_lines": [], "excluded_lines": [], "executed_branches": [], "missing_branches": []}, "": {"executed_lines": [1, 4, 5, 8, 9, 10, 11, 14, 15, 16, 17, 18, 19, 20, 21, 24, 25, 26, 27, 28, 29, 30, 33, 34, 35, 36, 39, 40, 41, 42, 43, 44, 45, 46, 49, 50, 51, 52, 53, 54, 55], "summary": {"covered_lines": 40, "num_statements": 40, "percent_covered": 100.0, "percent_covered_display": "100", "missing_lines": 0, "excluded_lines": 0, "num_branches": 0, "num_partial_branches": 0, "covered_branches": 0, "missing_branches": 0}, "missing_lines": [], "excluded_lines": [], "executed_branches": [], "missing_branches": []}}}, "backend/apps/organizations/apps.py": {"executed_lines": [1, 4, 5, 6, 7, 9, 10], "summary": {"covered_lines": 7, "num_statements": 7, "percent_covered": 100.0, "percent_covered_display": "100", "missing_lines": 0, "excluded_lines": 0, "num_branches": 0, "num_partial_branches": 0, "covered_branches": 0, "missing_branches": 0}, "missing_lines": [], "excluded_lines": [], "executed_branches": [], "missing_branches": [], "functions": {"OrganizationsConfig.ready": {"executed_lines": [10], "summary": {"covered_lines": 1, "num_statements": 1, "percent_covered": 100.0, "percent_covered_display": "100", "missing_lines": 0, "excluded_lines": 0, "num_branches": 0, "num_partial_branches": 0, "covered_branches": 0, "missing_branches": 0}, "missing_lines": [], "excluded_lines": [], "executed_branches": [], "missing_branches": []}, "": {"executed_lines": [1, 4, 5, 6, 7, 9], "summary": {"covered_lines": 6, "num_statements": 6, "percent_covered": 100.0, "percent_covered_display": "100", "missing_lines": 0, "excluded_lines": 0, "num_branches": 0, "num_partial_branches": 0, "covered_branches": 0, "missing_branches": 0}, "missing_lines": [], "excluded_lines": [], "executed_branches": [], "missing_branches": []}}, "classes": {"OrganizationsConfig": {"executed_lines": [10], "summary": {"covered_lines": 1, "num_statements": 1, "percent_covered": 100.0, "percent_covered_display": "100", "missing_lines": 0, "excluded_lines": 0, "num_branches": 0, "num_partial_branches": 0, "covered_branches": 0, "missing_branches": 0}, "missing_lines": [], "excluded_lines": [], "executed_branches": [], "missing_branches": []}, "": {"executed_lines": [1, 4, 5, 6, 7, 9], "summary": {"covered_lines": 6, "num_statements": 6, "percent_covered": 100.0, "percent_covered_display": "100", "missing_lines": 0, "excluded_lines": 0, "num_branches": 0, "num_partial_branches": 0, "covered_branches": 0, "missing_branches": 0}, "missing_lines": [], "excluded_lines": [], "executed_branches": [], "missing_branches": []}}}, "backend/apps/organizations/models.py": {"executed_lines": [1, 4, 5, 6, 7, 10, 11, 15, 16, 17, 20, 21, 24, 25, 28, 40, 41, 42, 44, 45, 46, 47, 48, 49, 55, 59, 60, 64, 71, 72, 77, 82, 85, 86, 88, 89, 90, 91, 92, 93, 99, 102, 115, 116, 120, 121, 128, 129, 130, 131, 134, 135, 138, 139, 141, 142, 143, 144, 145, 146, 152, 156, 157, 161, 162, 167, 168, 171, 172, 175, 176, 177, 179, 180, 181, 182, 183, 184, 185, 191], "summary": {"covered_lines": 75, "num_statements": 81, "percent_covered": 92.5925925925926, "percent_covered_display": "93", "missing_lines": 6, "excluded_lines": 0, "num_branches": 0, "num_partial_branches": 0, "covered_branches": 0, "missing_branches": 0}, "missing_lines": [56, 100, 106, 112, 153, 192], "excluded_lines": [], "executed_branches": [], "missing_branches": [], "functions": {"Organization.__str__": {"executed_lines": [], "summary": {"covered_lines": 0, "num_statements": 1, "percent_covered": 0.0, "percent_covered_display": "0", "missing_lines": 1, "excluded_lines": 0, "num_branches": 0, "num_partial_branches": 0, "covered_branches": 0, "missing_branches": 0}, "missing_lines": [56], "excluded_lines": [], "executed_branches": [], "missing_branches": []}, "OrganizationMembership.__str__": {"executed_lines": [], "summary": {"covered_lines": 0, "num_statements": 1, "percent_covered": 0.0, "percent_covered_display": "0", "missing_lines": 1, "excluded_lines": 0, "num_branches": 0, "num_partial_branches": 0, "covered_branches": 0, "missing_branches": 0}, "missing_lines": [100], "excluded_lines": [], "executed_branches": [], "missing_branches": []}, "OrganizationMembership.has_permission": {"executed_lines": [], "summary": {"covered_lines": 0, "num_statements": 2, "percent_covered": 0.0, "percent_covered_display": "0", "missing_lines": 2, "excluded_lines": 0, "num_branches": 0, "num_partial_branches": 0, "covered_branches": 0, "missing_branches": 0}, "missing_lines": [106, 112], "excluded_lines": [], "executed_branches": [], "missing_branches": []}, "Repository.__str__": {"executed_lines": [], "summary": {"covered_lines": 0, "num_statements": 1, "percent_covered": 0.0, "percent_covered_display": "0", "missing_lines": 1, "excluded_lines": 0, "num_branches": 0, "num_partial_branches": 0, "covered_branches": 0, "missing_branches": 0}, "missing_lines": [153], "excluded_lines": [], "executed_branches": [], "missing_branches": []}, "Branch.__str__": {"executed_lines": [], "summary": {"covered_lines": 0, "num_statements": 1, "percent_covered": 0.0, "percent_covered_display": "0", "missing_lines": 1, "excluded_lines": 0, "num_branches": 0, "num_partial_branches": 0, "covered_branches": 0, "missing_branches": 0}, "missing_lines": [192], "excluded_lines": [], "executed_branches": [], "missing_branches": []}, "": {"executed_lines": [1, 4, 5, 6, 7, 10, 11, 15, 16, 17, 20, 21, 24, 25, 28, 40, 41, 42, 44, 45, 46, 47, 48, 49, 55, 59, 60, 64, 71, 72, 77, 82, 85, 86, 88, 89, 90, 91, 92, 93, 99, 102, 115, 116, 120, 121, 128, 129, 130, 131, 134, 135, 138, 139, 141, 142, 143, 144, 145, 146, 152, 156, 157, 161, 162, 167, 168, 171, 172, 175, 176, 177, 179, 180, 181, 182, 183, 184, 185, 191], "summary": {"covered_lines": 75, "num_statements": 75, "percent_covered": 100.0, "percent_covered_display": "100", "missing_lines": 0, "excluded_lines": 0, "num_branches": 0, "num_partial_branches": 0, "covered_branches": 0, "missing_branches": 0}, "missing_lines": [], "excluded_lines": [], "executed_branches": [], "missing_branches": []}}, "classes": {"Organization": {"executed_lines": [], "summary": {"covered_lines": 0, "num_statements": 1, "percent_covered": 0.0, "percent_covered_display": "0", "missing_lines": 1, "excluded_lines": 0, "num_branches": 0, "num_partial_branches": 0, "covered_branches": 0, "missing_branches": 0}, "missing_lines": [56], "excluded_lines": [], "executed_branches": [], "missing_branches": []}, "Organization.Meta": {"executed_lines": [], "summary": {"covered_lines": 0, "num_statements": 0, "percent_covered": 100.0, "percent_covered_display": "100", "missing_lines": 0, "excluded_lines": 0, "num_branches": 0, "num_partial_branches": 0, "covered_branches": 0, "missing_branches": 0}, "missing_lines": [], "excluded_lines": [], "executed_branches": [], "missing_branches": []}, "OrganizationMembership": {"executed_lines": [], "summary": {"covered_lines": 0, "num_statements": 3, "percent_covered": 0.0, "percent_covered_display": "0", "missing_lines": 3, "excluded_lines": 0, "num_branches": 0, "num_partial_branches": 0, "covered_branches": 0, "missing_branches": 0}, "missing_lines": [100, 106, 112], "excluded_lines": [], "executed_branches": [], "missing_branches": []}, "OrganizationMembership.Meta": {"executed_lines": [], "summary": {"covered_lines": 0, "num_statements": 0, "percent_covered": 100.0, "percent_covered_display": "100", "missing_lines": 0, "excluded_lines": 0, "num_branches": 0, "num_partial_branches": 0, "covered_branches": 0, "missing_branches": 0}, "missing_lines": [], "excluded_lines": [], "executed_branches": [], "missing_branches": []}, "Repository": {"executed_lines": [], "summary": {"covered_lines": 0, "num_statements": 1, "percent_covered": 0.0, "percent_covered_display": "0", "missing_lines": 1, "excluded_lines": 0, "num_branches": 0, "num_partial_branches": 0, "covered_branches": 0, "missing_branches": 0}, "missing_lines": [153], "excluded_lines": [], "executed_branches": [], "missing_branches": []}, "Repository.Meta": {"executed_lines": [], "summary": {"covered_lines": 0, "num_statements": 0, "percent_covered": 100.0, "percent_covered_display": "100", "missing_lines": 0, "excluded_lines": 0, "num_branches": 0, "num_partial_branches": 0, "covered_branches": 0, "missing_branches": 0}, "missing_lines": [], "excluded_lines": [
[...]
ing_branches": [[197, 198], [197, 201]]}, "ClusteringService.calculate_cluster_statistics": {"executed_lines": [], "summary": {"covered_lines": 0, "num_statements": 20, "percent_covered": 0.0, "percent_covered_display": "0", "missing_lines": 20, "excluded_lines": 0, "num_branches": 8, "num_partial_branches": 0, "covered_branches": 0, "missing_branches": 8}, "missing_lines": [223, 224, 226, 229, 232, 233, 234, 237, 238, 239, 241, 242, 243, 245, 246, 247, 249, 250, 251, 253], "excluded_lines": [], "executed_branches": [], "missing_branches": [[223, 224], [223, 226], [238, 239], [238, 249], [239, 238], [239, 241], [245, 239], [245, 246]]}, "": {"executed_lines": [], "summary": {"covered_lines": 0, "num_statements": 14, "percent_covered": 0.0, "percent_covered_display": "0", "missing_lines": 14, "excluded_lines": 0, "num_branches": 0, "num_partial_branches": 0, "covered_branches": 0, "missing_branches": 0}, "missing_lines": [8, 9, 10, 12, 13, 14, 16, 19, 28, 32, 118, 151, 180, 210], "excluded_lines": [], "executed_branches": [], "missing_branches": []}}, "classes": {"ClusteringService": {"executed_lines": [], "summary": {"covered_lines": 0, "num_statements": 64, "percent_covered": 0.0, "percent_covered_display": "0", "missing_lines": 64, "excluded_lines": 0, "num_branches": 24, "num_partial_branches": 0, "covered_branches": 0, "missing_branches": 24}, "missing_lines": [30, 51, 52, 53, 60, 66, 69, 70, 71, 72, 74, 77, 78, 79, 80, 82, 83, 84, 86, 89, 92, 93, 94, 95, 96, 97, 99, 101, 107, 135, 140, 147, 149, 167, 169, 176, 178, 197, 198, 201, 202, 205, 206, 208, 223, 224, 226, 229, 232, 233, 234, 237, 238, 239, 241, 242, 243, 245, 246, 247, 249, 250, 251, 253], "excluded_lines": [], "executed_branches": [], "missing_branches": [[51, 52], [51, 60], [69, 70], [69, 71], [71, 72], [71, 74], [78, 79], [78, 89], [79, 80], [79, 82], [83, 84], [83, 86], [93, 94], [93, 99], [197, 198], [197, 201], [223, 224], [223, 226], [238, 239], [238, 249], [239, 238], [239, 241], [245, 239], [245, 246]]}, "": {"executed_lines": [], "summary": {"covered_lines": 0, "num_statements": 14, "percent_covered": 0.0, "percent_covered_display": "0", "missing_lines": 14, "excluded_lines": 0, "num_branches": 0, "num_partial_branches": 0, "covered_branches": 0, "missing_branches": 0}, "missing_lines": [8, 9, 10, 12, 13, 14, 16, 19, 28, 32, 118, 151, 180, 210], "excluded_lines": [], "executed_branches": [], "missing_branches": []}}}, "backend/services/embedding_service.py": {"executed_lines": [], "summary": {"covered_lines": 0, "num_statements": 63, "percent_covered": 0.0, "percent_covered_display": "0", "missing_lines": 63, "excluded_lines": 0, "num_branches": 8, "num_partial_branches": 0, "covered_branches": 0, "missing_branches": 8}, "missing_lines": [8, 9, 10, 12, 13, 15, 18, 29, 30, 31, 33, 40, 41, 43, 66, 71, 72, 73, 74, 75, 78, 79, 85, 88, 90, 94, 96, 97, 98, 100, 115, 117, 118, 120, 121, 127, 128, 130, 135, 136, 138, 140, 142, 165, 168, 175, 177, 178, 180, 182, 192, 193, 195, 210, 212, 213, 216, 217, 218, 220, 221, 223, 226], "excluded_lines": [], "executed_branches": [], "missing_branches": [[73, 74], [73, 78], [117, 118], [117, 140], [175, 177], [175, 180], [220, 221], [220, 223]], "functions": {"EmbeddingService.__init__": {"executed_lines": [], "summary": {"covered_lines": 0, "num_statements": 2, "percent_covered": 0.0, "percent_covered_display": "0", "missing_lines": 2, "excluded_lines": 0, "num_branches": 0, "num_partial_branches": 0, "covered_branches": 0, "missing_branches": 0}, "missing_lines": [40, 41], "excluded_lines": [], "executed_branches": [], "missing_branches": []}, "EmbeddingService.embed_finding": {"executed_lines": [], "summary": {"covered_lines": 0, "num_statements": 15, "percent_covered": 0.0, "percent_covered_display": "0", "missing_lines": 15, "excluded_lines": 0, "num_branches": 2, "num_partial_branches": 0, "covered_branches": 0, "missing_branches": 2}, "missing_lines": [66, 71, 72, 73, 74, 75, 78, 79, 85, 88, 90, 94, 96, 97, 98], "excluded_lines": [], "executed_branches": [], "missing_branches": [[73, 74], [73, 78]]}, "EmbeddingService.embed_batch": {"executed_lines": [], "summary": {"covered_lines": 0, "num_statements": 12, "percent_covered": 0.0, "percent_covered_display": "0", "missing_lines": 12, "excluded_lines": 0, "num_branches": 2, "num_partial_branches": 0, "covered_branches": 0, "missing_branches": 2}, "missing_lines": [115, 117, 118, 120, 121, 127, 128, 130, 135, 136, 138, 140], "excluded_lines": [], "executed_branches": [], "missing_branches": [[117, 118], [117, 140]]}, "EmbeddingService._construct_finding_text": {"executed_lines": [], "summary": {"covered_lines": 0, "num_statements": 6, "percent_covered": 0.0, "percent_covered_display": "0", "missing_lines": 6, "excluded_lines": 0, "num_branches": 2, "num_partial_branches": 0, "covered_branches": 0, "missing_branches": 2}, "missing_lines": [165, 168, 175, 177, 178, 180], "excluded_lines": [], "executed_branches": [], "missing_branches": [[175, 177], [175, 180]]}, "EmbeddingService._get_cache_key": {"executed_lines": [], "summary": {"covered_lines": 0, "num_statements": 2, "percent_covered": 0.0, "percent_covered_display": "0", "missing_lines": 2, "excluded_lines": 0, "num_branches": 0, "num_partial_branches": 0, "covered_branches": 0, "missing_branches": 0}, "missing_lines": [192, 193], "excluded_lines": [], "executed_branches": [], "missing_branches": []}, "EmbeddingService.cosine_similarity": {"executed_lines": [], "summary": {"covered_lines": 0, "num_statements": 10, "percent_covered": 0.0, "percent_covered_display": "0", "missing_lines": 10, "excluded_lines": 0, "num_branches": 2, "num_partial_branches": 0, "covered_branches": 0, "missing_branches": 2}, "missing_lines": [210, 212, 213, 216, 217, 218, 220, 221, 223, 226], "excluded_lines": [], "executed_branches": [], "missing_branches": [[220, 221], [220, 223]]}, "": {"executed_lines": [], "summary": {"covered_lines": 0, "num_statements": 16, "percent_covered": 0.0, "percent_covered_display": "0", "missing_lines": 16, "excluded_lines": 0, "num_branches": 0, "num_partial_branches": 0, "covered_branches": 0, "missing_branches": 0}, "missing_lines": [8, 9, 10, 12, 13, 15, 18, 29, 30, 31, 33, 43, 100, 142, 182, 195], "excluded_lines": [], "executed_branches": [], "missing_branches": []}}, "classes": {"EmbeddingService": {"executed_lines": [], "summary": {"covered_lines": 0, "num_statements": 47, "percent_covered": 0.0, "percent_covered_display": "0", "missing_lines": 47, "excluded_lines": 0, "num_branches": 8, "num_partial_branches": 0, "covered_branches": 0, "missing_branches": 8}, "missing_lines": [40, 41, 66, 71, 72, 73, 74, 75, 78, 79, 85, 88, 90, 94, 96, 97, 98, 115, 117, 118, 120, 121, 127, 128, 130, 135, 136, 138, 140, 165, 168, 175, 177, 178, 180, 192, 193, 210, 212, 213, 216, 217, 218, 220, 221, 223, 226], "excluded_lines": [], "executed_branches": [], "missing_branches": [[73, 74], [73, 78], [117, 118], [117, 140], [175, 177], [175, 180], [220, 221], [220, 223]]}, "": {"executed_lines": [], "summary": {"covered_lines": 0, "num_statements": 16, "percent_covered": 0.0, "percent_covered_display": "0", "missing_lines": 16, "excluded_lines": 0, "num_branches": 0, "num_partial_branches": 0, "covered_branches": 0, "missing_branches": 0}, "missing_lines": [8, 9, 10, 12, 13, 15, 18, 29, 30, 31, 33, 43, 100, 142, 182, 195], "excluded_lines": [], "executed_branches": [], "missing_branches": []}}}, "backend/services/qdrant_manager.py": {"executed_lines": [], "summary": {"covered_lines": 0, "num_statements": 92, "percent_covered": 0.0, "percent_covered_display": "0", "missing_lines": 92, "excluded_lines": 0, "num_branches": 12, "num_partial_branches": 0, "covered_branches": 0, "missing_branches": 12}, "missing_lines": [7, 8, 9, 10, 12, 13, 23, 26, 37, 38, 40, 52, 53, 55, 57, 60, 62, 64, 65, 66, 68, 69, 70, 77, 79, 81, 82, 83, 85, 102, 103, 116, 121, 122, 124, 125, 129, 131, 148, 150, 153, 165, 167, 168, 173, 174, 176, 177, 178, 180, 199, 201, 202, 203, 213, 222, 223, 224, 233, 238, 240, 241, 242, 244, 259, 261, 262, 263, 273, 281, 282, 283, 289, 290, 292, 293, 294, 296, 306, 307, 312, 313, 315, 316, 317, 319, 326, 327, 329, 338, 339, 340], "excluded_lines": [], "executed_branches": [], "missing_branches": [[68, 69], [68, 79], [150, 153], [150, 167], [202, 203], [202, 213], [223, 224], [223, 233], [262, 263], [262, 273], [282, 283], [282, 289]], "functions": {"QdrantManager.__init__": {"executed_lines": [], "summary": {"covered_lines": 0, "num_statements": 5, "percent_covered": 0.0, "percent_covered_display": "0", "missing_lines": 5, "excluded_lines": 0, "num_branches": 0, "num_partial_branches": 0, "covered_branches": 0, "missing_branches": 0}, "missing_lines": [52, 53, 55, 57, 60], "excluded_lines": [], "executed_branches": [], "missing_branches": []}, "QdrantManager._ensure_collection": {"executed_lines": [], "summary": {"covered_lines": 0, "num_statements": 11, "percent_covered": 0.0, "percent_covered_display": "0", "missing_lines": 11, "excluded_lines": 0, "num_branches": 2, "num_partial_branches": 0, "covered_branches": 0, "missing_branches": 2}, "missing_lines": [64, 65, 66, 68, 69, 70, 77, 79, 81, 82, 83], "excluded_lines": [], "executed_branches": [], "missing_branches": [[68, 69], [68, 79]]}, "QdrantManager.store_finding_embedding": {"executed_lines": [], "summary": {"covered_lines": 0, "num_statements": 8, "percent_covered": 0.0, "percent_covered_display": "0", "missing_lines": 8, "excluded_lines": 0, "num_branches": 0, "num_partial_branches": 0, "covered_branches": 0, "missing_branches": 0}, "missing_lines": [102, 103, 116, 121, 122, 124, 125, 129], "excluded_lines": [], "executed_branches": [], "missing_branches": []}, "QdrantManager.store_batch": {"executed_lines": [], "summary": {"covered_lines": 0, "num_statements": 11, "percent_covered": 0.0, "percent_covered_display": "0", "missing_lines": 11, "excluded_lines": 0, "num_branches": 2, "num_partial_branches": 0, "covered_branches": 0, "missing_branches": 2}, "missing_lines": [148, 150, 153, 165, 167, 168, 173, 174, 176, 177, 178], "excluded_lines": [], "executed_branches": [], "missing_branches": [[150, 153], [150, 167]]}, "QdrantManager.find_similar": {"executed_lines": [], "summary": {"covered_lines": 0, "num_statements": 13, "percent_covered": 0.0, "percent_covered_display": "0", "missing_lines": 13, "excluded_lines": 0, "num_branches": 4, "num_partial_branches": 0, "covered_branches": 0, "missing_branches": 4}, "missing_lines": [199, 201, 202, 203, 213, 222, 223, 224, 233, 238, 240, 241, 242], "excluded_lines": [], "executed_branches": [], "missing_branches": [[202, 203], [202, 213], [223, 224], [223, 233]]}, "QdrantManager.get_all_vectors": {"executed_lines": [], "summary": {"covered_lines": 0, "num_statements": 13, "percent_covered": 0.0, "percent_covered_display": "0", "missing_lines": 13, "excluded_lines": 0, "num_branches": 4, "num_partial_branches": 0, "covered_branches": 0, "missing_branches": 4}, "missing_lines": [259, 261, 262, 263, 273, 281, 282, 283, 289, 290, 292, 293, 294], "excluded_lines": [], "executed_branches": [], "missing_branches": [[262, 263], [262, 273], [282, 283], [282, 289]]}, "QdrantManager.delete_finding": {"executed_lines": [], "summary": {"covered_lines": 0, "num_statements": 7, "percent_covered": 0.0, "percent_covered_display": "0", "missing_lines": 7, "excluded_lines": 0, "num_branches": 0, "num_partial_branches": 0, "covered_branches": 0, "missing_branches": 0}, "missing_lines": [306, 307, 312, 313, 315, 316, 317], "excluded_lines": [], "executed_branches": [], "missing_branches": []}, "QdrantManager.get_collection_info": {"executed_lines": [], "summary": {"covered_lines": 0, "num_statements": 6, "percent_covered": 0.0, "percent_covered_display": "0", "missing_lines": 6, "excluded_lines": 0, "num_branches": 0, "num_partial_branches": 0, "covered_branches": 0, "missing_branches": 0}, "missing_lines": [326, 327, 329, 338, 339, 340], "excluded_lines": [], "executed_branches": [], "missing_branches": []}, "": {"executed_lines": [], "summary": {"covered_lines": 0, "num_statements": 18, "percent_covered": 0.0, "percent_covered_display": "0", "missing_lines": 18, "excluded_lines": 0, "num_branches": 0, "num_partial_branches": 0, "covered_branches": 0, "missing_branches": 0}, "missing_lines": [7, 8, 9, 10, 12, 13, 23, 26, 37, 38, 40, 62, 85, 131, 180, 244, 296, 319], "excluded_lines": [], "executed_branches": [], "missing_branches": []}}, "classes": {"QdrantManager": {"executed_lines": [], "summary": {"covered_lines": 0, "num_statements": 74, "percent_covered": 0.0, "percent_covered_display": "0", "missing_lines": 74, "excluded_lines": 0, "num_branches": 12, "num_partial_branches": 0, "covered_branches": 0, "missing_branches": 12}, "missing_lines": [52, 53, 55, 57, 60, 64, 65, 66, 68, 69, 70, 77, 79, 81, 82, 83, 102, 103, 116, 121, 122, 124, 125, 129, 148, 150, 153, 165, 167, 168, 173, 174, 176, 177, 178, 199, 201, 202, 203, 213, 222, 223, 224, 233, 238, 240, 241, 242, 259, 261, 262, 263, 273, 281, 282, 283, 289, 290, 292, 293, 294, 306, 307, 312, 313, 315, 316, 317, 326, 327, 329, 338, 339, 340], "excluded_lines": [], "executed_branches": [], "missing_branches": [[68, 69], [68, 79], [150, 153], [150, 167], [202, 203], [202, 213], [223, 224], [223, 233], [262, 263], [262, 273], [282, 283], [282, 289]]}, "": {"executed_lines": [], "summary": {"covered_lines": 0, "num_statements": 18, "percent_covered": 0.0, "percent_covered_display": "0", "missing_lines": 18, "excluded_lines": 0, "num_branches": 0, "num_partial_branches": 0, "covered_branches": 0, "missing_branches": 0}, "missing_lines": [7, 8, 9, 10, 12, 13, 23, 26, 37, 38, 40, 62, 85, 131, 180, 244, 296, 319], "excluded_lines": [], "executed_branches": [], "missing_branches": []}}}, "backend/services/temporal_client.py": {"executed_lines": [1, 8, 9, 10, 11, 12, 14, 17, 18, 25, 26, 28, 29, 51, 52, 95, 96, 152, 153, 200, 201, 242, 243, 281], "summary": {"covered_lines": 22, "num_statements": 100, "percent_covered": 20.754716981132077, "percent_covered_display": "21", "missing_lines": 78, "excluded_lines": 0, "num_branches": 6, "num_partial_branches": 0, "covered_branches": 0, "missing_branches": 6}, "missing_lines": [36, 37, 38, 39, 40, 42, 43, 44, 45, 46, 47, 49, 69, 71, 72, 74, 76, 77, 84, 86, 91, 92, 93, 119, 121, 122, 124, 126, 127, 134, 136, 148, 149, 150, 170, 172, 173, 175, 177, 178, 185, 187, 196, 197, 198, 216, 218, 219, 221, 223, 224, 231, 233, 238, 239, 240, 253, 255, 256, 259, 260, 261, 266, 267, 271, 272, 273, 294, 295, 296, 298, 299, 300, 301, 302, 304, 305, 308], "excluded_lines": [], "executed_branches": [], "missing_branches": [[36, 37], [36, 49], [38, 39], [38, 49], [296, 298], [296, 304]], "functions": {"TemporalService.get_client": {"executed_lines": [], "summary": {"covered_lines": 0, "num_statements": 12, "percent_covered": 0.0, "percent_covered_display": "0", "missing_lines": 12, "excluded_lines": 0, "num_branches": 4, "num_partial_branches": 0, "covered_branches": 0, "missing_branches": 4}, "missing_lines": [36, 37, 38, 39, 40, 42, 43, 44, 45, 46, 47, 49], "excluded_lines": [], "executed_branches": [], "missing_branches": [[36, 37], [36, 49], [38, 39], [38, 49]]}, "TemporalService.trigger_scan_workflow": {"executed_lines": [], "summary": {"covered_lines": 0, "num_statements": 11, "percent_covered": 0.0, "percent_covered_display": "0", "missing_lines": 11, "excluded_lines": 0, "num_branches": 0, "num_partial_branches": 0, "covered_branches": 0, "missing_branches": 0}, "missing_lines": [69, 71, 72, 74, 76, 77, 84, 86, 91, 92, 93], "excluded_lines": [], "executed_branches": [], "missing_branches": []}, "TemporalService.trigger_adjudication_workflow": {"executed_lines": [], "summary": {"covered_lines": 0, "num_statements": 11, "percent_covered": 0.0, "percent_covered_display": "0", "missing_lines": 11, "excluded_lines": 0, "num_branches": 0, "num_partial_branches": 0, "covered_branches": 0, "missing_branches": 0}, "missing_lines": [119, 121, 122, 124, 126, 127, 134, 136, 148, 149, 150], "excluded_lines": [], "executed_branches": [], "missing_branches": []}, "TemporalService.trigger_clustering_workflow": {"executed_lines": [], "summary": {"covered_lines": 0, "num_statements": 11, "percent_covered": 0.0, "percent_covered_display": "0", "missing_lines": 11, "excluded_lines": 0, "num_branches": 0, "num_partial_branches": 0, "covered_branches": 0, "missing_branches": 0}, "missing_lines": [170, 172, 173, 175, 177, 178, 185, 187, 196, 197, 198], "excluded_lines": [], "executed_branches": [], "missing_branches": []}, "TemporalService.trigger_pattern_comparison_workflow": {"executed_lines": [], "summary": {"covered_lines": 0, "num_statements": 11, "percent_covered": 0.0, "percent_covered_display": "0", "missing_lines": 11, "excluded_lines": 0, "num_branches": 0, "num_partial_branches": 0, "covered_branches": 0, "missing_branches": 0}, "missing_lines": [216, 218, 219, 221, 223, 224, 231, 233, 238, 239, 240], "excluded_lines": [], "executed_branches": [], "missing_branches": []}, "TemporalService.get_workflow_status": {"executed_lines": [], "summary": {"covered_lines": 0, "num_statements": 11, "percent_covered": 0.0, "percent_covered_display": "0", "missing_lines": 11, "excluded_lines": 0, "num_branches": 0, "num_partial_branches": 0, "covered_branches": 0, "missing_branches": 0}, "missing_lines": [253, 255, 256, 259, 260, 261, 266, 267, 271, 272, 273], "excluded_lines": [], "executed_branches": [], "missing_branches": []}, "run_async": {"executed_lines": [], "summary": {"covered_lines": 0, "num_statements": 11, "percent_covered": 0.0, "percent_covered_display": "0", "missing_lines": 11, "excluded_lines": 0, "num_branches": 2, "num_partial_branches": 0, "covered_branches": 0, "missing_branches": 2}, "missing_lines": [294, 295, 296, 298, 299, 300, 301, 302, 304, 305, 308], "excluded_lines": [], "executed_branches": [], "missing_branches": [[296, 298], [296, 304]]}, "": {"executed_lines": [1, 8, 9, 10, 11, 12, 14, 17, 18, 25, 26, 28, 29, 51, 52, 95, 96, 152, 153, 200, 201, 242, 243, 281], "summary": {"covered_lines": 22, "num_statements": 22, "percent_covered": 100.0, "percent_covered_display": "100", "missing_lines": 0, "excluded_lines": 0, "num_branches": 0, "num_partial_branches": 0, "covered_branches": 0, "missing_branches": 0}, "missing_lines": [], "excluded_lines": [], "executed_branches": [], "missing_branches": []}}, "classes": {"TemporalService": {"executed_lines": [], "summary": {"covered_lines": 0, "num_statements": 67, "percent_covered": 0.0, "percent_covered_display": "0", "missing_lines": 67, "excluded_lines": 0, "num_branches": 4, "num_partial_branches": 0, "covered_branches": 0, "missing_branches": 4}, "missing_lines": [36, 37, 38, 39, 40, 42, 43, 44, 45, 46, 47, 49, 69, 71, 72, 74, 76, 77, 84, 86, 91, 92, 93, 119, 121, 122, 124, 126, 127, 134, 136, 148, 149, 150, 170, 172, 173, 175, 177, 178, 185, 187, 196, 197, 198, 216, 218, 219, 221, 223, 224, 231, 233, 238, 239, 240, 253, 255, 256, 259, 260, 261, 266, 267, 271, 272, 273], "excluded_lines": [], "executed_branches": [], "missing_branches": [[36, 37], [36, 49], [38, 39], [38, 49]]}, "": {"executed_lines": [1, 8, 9, 10, 11, 12, 14, 17, 18, 25, 26, 28, 29, 51, 52, 95, 96, 152, 153, 200, 201, 242, 243, 281], "summary": {"covered_lines": 22, "num_statements": 33, "percent_covered": 62.857142857142854, "percent_covered_display": "63", "missing_lines": 11, "excluded_lines": 0, "num_branches": 2, "num_partial_branches": 0, "covered_branches": 0, "missing_branches": 2}, "missing_lines": [294, 295, 296, 298, 299, 300, 301, 302, 304, 305, 308], "excluded_lines": [], "executed_branches": [], "missing_branches": [[296, 298], [296, 304]]}}}}, "totals": {"covered_lines": 1012, "num_statements": 1792, "percent_covered": 51.776649746192895, "percent_covered_display": "52", "missing_lines": 780, "excluded_lines": 0, "num_branches": 178, "num_partial_branches": 8, "covered_branches": 8, "missing_branches": 170}}